<?xml version="1.0" encoding="UTF-8"?><testsuite errors="0" failures="0" name="Countdown widget" skipped="0" tests="15" time="111.2" timestamp="2017-01-31 03:36:58"><testcase name="(/products-and-docs/widgets/countdown/) TECHNICAL TAB - Check that required fields are not empty"/><testcase name="(/products-and-docs/widgets/countdown/) TECHNICAL TAB - Verification of default embed code"/><testcase name="(/products-and-docs/widgets/countdown/) TECHNICAL TAB - Check that embed code functionality works properly"/><testcase name="(/products-and-docs/widgets/countdown/) TECHNICAL TAB - Check RESET button functionality"/><testcase name="(/products-and-docs/widgets/countdown/) TECHNICAL TAB - Check RESET button functionality on Embedded Code Pop-up window"/><testcase name="(/products-and-docs/widgets/countdown/) TECHNICAL TAB - Get new EventId"/><testcase name="(/products-and-docs/widgets/countdown/) TECHNICAL TAB - Check links"/><testcase name="(/products-and-docs/widgets/countdown/) VISUAL TAB - Check Full-width mode"/><testcase name="(/products-and-docs/widgets/countdown/) VISUAL TAB - Check Layout Resolutions"/><testcase name="(/products-and-docs/widgets/countdown/) VISUAL TAB - Check Layout Orientations"/><testcase name="(/products-and-docs/widgets/countdown/) Event message - Check event message for invalid API Key"/><testcase name="(/products-and-docs/widgets/countdown/) Event message - Check event message for invalid Event ID"/></testsuite>