<?xml version="1.0" encoding="UTF-8" ?>
<testsuite tests="625" failures="3" name="bla.tm.DevSiteTestsRunner" time="1,361.012" errors="0" skipped="0">
  <properties>
[...]
</properties>
  <testcase classname="java.lang.Object" name="BeforeStories" time="0.003"/>
  <testcase classname="bla.tm.definitions.site.products_and_docs.PD_DealsAPIDefinition" name="Given open Deals API page" time="7.156"/>
  <testcase classname="bla.tm.definitions.site.products_and_docs.PD_DealsAPIDefinition" name="Then check general page elements for Deals API Page\u002C where DISQUS = true and LeftMenu = true" time="0.82"/>
  <testcase classname="Scenario: |\/products-and-docs\/apis\/deals-api\/| Verification for general page\&apos;s elements" name="Scenario: |\/products-and-docs\/apis\/deals-api\/| Verification for general page\&apos;s elements" time="0.896"/>
  <testcase classname="PD_DealsAPI.story" name="PD_DealsAPI.story" time="2.031"/>
  <testcase classname="bla.tm.definitions.site.support.Support_GeneralTermsOfUseDefinition" name="Given open General Terms Of Use page" time="4.24"/>
  <testcase classname="bla.tm.definitions.site.support.Support_GeneralTermsOfUseDefinition" name="Then check general page elements for General Terms Of Use Page\u002C where DISQUS = true and LeftMenu = true" time="0.797"/>
  <testcase classname="Scenario: |\/support\/terms-of-use\/| Verification for general page\&apos;s elements" name="Scenario: |\/support\/terms-of-use\/| Verification for general page\&apos;s elements" time="0.849"/>
  <testcase classname="Support_GeneralTermsOfUse.story" name="Support_GeneralTermsOfUse.story" time="0.851"/>
  <testcase classname="bla.tm.definitions.site.support.Support_PartnerAPITermsOfUseDefinition" name="Given open Partner API Terms Of Use page" time="5.201"/>
  <testcase classname="bla.tm.definitions.site.support.Support_PartnerAPITermsOfUseDefinition" name="Then check general page elements for Partner API Terms Of Use Page\u002C where DISQUS = true and LeftMenu = true" time="0.864"/>
  <testcase classname="Scenario: |\/support\/terms-of-use\/partner\/| Verification for general page\&apos;s elements" name="Scenario: |\/support\/terms-of-use\/partner\/| Verification for general page\&apos;s elements" time="0.988"/>
  <testcase classname="Support_PartnerAPITermsOfUse.story" name="Support_PartnerAPITermsOfUse.story" time="0.989"/>
  <testcase classname="bla.tm.definitions.site.HomePageDefinition" name="Given open Home page" time="4.255"/>
  <testcase classname="bla.tm.definitions.site.HomePageDefinition" name="When navigate to Pantheon LogIn page from Home page" time="1.404"/>
  <testcase classname="bla.tm.definitions.site.pantheon.UserLogInDefinition" name="When navigate to Pantheon Create New Account page from LogIn page" time="1.447"/>
  <testcase classname="bla.tm.definitions.site.pantheon.CreateNewAccountDefinition" name="Then check general page elements for Pantheon Create New Account page" time="20.568"/>
  <testcase classname="Scenario: |developer-acct.ticketmaster.com\/user\/register| Verification for general page\&apos;s elements" name="Scenario: |developer-acct.ticketmaster.com\/user\/register| Verification for general page\&apos;s elements" time="20.628"/>
  <testcase classname="CreateNewAccount.story" name="CreateNewAccount.story" time="20.628"/>
  <testcase classname="bla.tm.definitions.site.products_and_docs.PD_Widget_WordPressDefinition" name="Given open WordPress Widget page" time="4.746"/>
  <testcase classname="bla.tm.definitions.site.products_and_docs.PD_Widget_WordPressDefinition" name="Then check general page elements for WordPress Widget Page\u002C where DISQUS = true and LeftMenu = true" time="0.942"/>
  <testcase classname="Scenario: |\/products-and-docs\/widgets\/wordpress\/| Verification for general page\&apos;s elements" name="Scenario: |\/products-and-docs\/widgets\/wordpress\/| Verification for general page\&apos;s elements" time="1.002"/>
  <testcase classname="PD_Widget_WordPress.story" name="PD_Widget_WordPress.story" time="1.002"/>
  <testcase classname="bla.tm.definitions.site.HomePageDefinition" name="Given open Home page\u200B" time="4.655"/>
  <testcase classname="bla.tm.definitions.site.HomePageDefinition" name="Then check general page elements for Home Page\u002C where DISQUS = false and LeftMenu = false" time="20.534"/>
  <testcase classname="Scenario: |\/Home Page\/| Verification for general page elements" name="Scenario: |\/Home Page\/| Verification for general page elements" time="20.642"/>
  <testcase classname="bla.tm.definitions.site.HomePageDefinition" name="Given open Home page\u200B\u200B" time="1.334"/>
  <testcase classname="bla.tm.definitions.site.HomePageDefinition" name="Then check that Twitter\&apos;s list of events is shown" time="0.204"/>
  <testcase classname="Scenario: |\/Home Page\/| Verification for twitter\&apos;s list of events" name="Scenario: |\/Home Page\/| Verification for twitter\&apos;s list of events" time="0.323"/>
  <testcase classname="bla.tm.definitions.site.HomePageDefinition" name="Given open Home page\u200B\u200B\u200B" time="2.928"/>
  <testcase classname="bla.tm.definitions.site.HomePageDefinition" name="When check visibility and click &lt;elementKey&gt; element of Home page" time="0.29"/>
  <testcase classname="bla.tm.definitions.site.HomePageDefinition" name="Then check that new page opened from Home page has &lt;pageURL&gt; and &lt;elementLocation&gt;" time="0.951"/>
  <testcase classname="bla.tm.definitions.site.HomePageDefinition" name="Given open Home page\u200B\u200B\u200B\u200B" time="1.287"/>
  <testcase classname="bla.tm.definitions.site.HomePageDefinition" name="When check visibility and click &lt;elementKey&gt; element of Home page\u200B" time="0.345"/>
  <testcase classname="bla.tm.definitions.site.HomePageDefinition" name="Then check that new page opened from Home page has &lt;pageURL&gt; and &lt;elementLocation&gt;\u200B" time="1.477"/>
  <testcase classname="bla.tm.definitions.site.HomePageDefinition" name="Given open Home page\u200B\u200B\u200B\u200B\u200B" time="1.548"/>
  <testcase classname="bla.tm.definitions.site.HomePageDefinition" name="When check visibility and click &lt;elementKey&gt; element of Home page\u200B\u200B" time="1.639"/>
  <testcase classname="bla.tm.definitions.site.HomePageDefinition" name="Then check that new page opened from Home page has &lt;pageURL&gt; and &lt;elementLocation&gt;\u200B\u200B" time="1.41"/>
  <testcase classname="bla.tm.definitions.site.HomePageDefinition" name="Given open Home page\u200B\u200B\u200B\u200B\u200B\u200B" time="2.615"/>
  <testcase classname="bla.tm.definitions.site.HomePageDefinition" name="When check visibility and click &lt;elementKey&gt; element of Home page\u200B\u200B\u200B" time="0.244"/>
  <testcase classname="bla.tm.definitions.site.HomePageDefinition" name="Then check that new page opened from Home page has &lt;pageURL&gt; and &lt;elementLocation&gt;\u200B\u200B\u200B" time="0.607"/>
  <testcase classname="bla.tm.definitions.site.HomePageDefinition" name="Given open Home page\u200B\u200B\u200B\u200B\u200B\u200B\u200B" time="2.278"/>
  <testcase classname="bla.tm.definitions.site.HomePageDefinition" name="When check visibility and click &lt;elementKey&gt; element of Home page\u200B\u200B\u200B\u200B" time="0.386"/>
  <testcase classname="bla.tm.definitions.site.HomePageDefinition" name="Then check that new page opened from Home page has &lt;pageURL&gt; and &lt;elementLocation&gt;\u200B\u200B\u200B\u200B" time="0.074"/>
  <testcase classname="bla.tm.definitions.site.HomePageDefinition" name="Given open Home page\u200B\u200B\u200B\u200B\u200B\u200B\u200B\u200B" time="1.703"/>
  <testcase classname="bla.tm.definitions.site.HomePageDefinition" name="When check visibility and click &lt;elementKey&gt; element of Home page\u200B\u200B\u200B\u200B\u200B" time="0.377"/>
  <testcase classname="bla.tm.definitions.site.HomePageDefinition" name="Then check that new page opened from Home page has &lt;pageURL&gt; and &lt;elementLocation&gt;\u200B\u200B\u200B\u200B\u200B" time="0.045"/>
  <testcase classname="bla.tm.definitions.site.HomePageDefinition" name="Given open Home page\u200B\u200B\u200B\u200B\u200B\u200B\u200B\u200B\u200B" time="1.686"/>
  <testcase classname="bla.tm.definitions.site.HomePageDefinition" name="When check visibility and click &lt;elementKey&gt; element of Home page\u200B\u200B\u200B\u200B\u200B\u200B" time="0.263"/>
  <testcase classname="bla.tm.definitions.site.HomePageDefinition" name="Then check that new page opened from Home page has &lt;pageURL&gt; and &lt;elementLocation&gt;\u200B\u200B\u200B\u200B\u200B\u200B" time="0.249"/>
  <testcase classname="bla.tm.definitions.site.HomePageDefinition" name="Given open Home page\u200B\u200B\u200B\u200B\u200B\u200B\u200B\u200B\u200B\u200B" time="1.509"/>
  <testcase classname="bla.tm.definitions.site.HomePageDefinition" name="When check visibility and click &lt;elementKey&gt; element of Home page\u200B\u200B\u200B\u200B\u200B\u200B\u200B" time="3.334"/>
  <testcase classname="bla.tm.definitions.site.HomePageDefinition" name="Then check that new page opened from Home page has &lt;pageURL&gt; and &lt;elementLocation&gt;\u200B\u200B\u200B\u200B\u200B\u200B\u200B" time="0.065"/>
  <testcase classname="bla.tm.definitions.site.HomePageDefinition" name="Given open Home page\u200B\u200B\u200B\u200B\u200B\u200B\u200B\u200B\u200B\u200B\u200B" time="3.101"/>
  <testcase classname="bla.tm.definitions.site.HomePageDefinition" name="When check visibility and click &lt;elementKey&gt; element of Home page\u200B\u200B\u200B\u200B\u200B\u200B\u200B\u200B" time="0.332"/>
  <testcase classname="bla.tm.definitions.site.HomePageDefinition" name="Then check that new page opened from Home page has &lt;pageURL&gt; and &lt;elementLocation&gt;\u200B\u200B\u200B\u200B\u200B\u200B\u200B\u200B" time="2.259"/>
  <testcase classname="bla.tm.definitions.site.HomePageDefinition" name="Given open Home page\u200B\u200B\u200B\u200B\u200B\u200B\u200B\u200B\u200B\u200B\u200B\u200B" time="1.847"/>
  <testcase classname="bla.tm.definitions.site.HomePageDefinition" name="When check visibility and click &lt;elementKey&gt; element of Home page\u200B\u200B\u200B\u200B\u200B\u200B\u200B\u200B\u200B" time="0.524"/>
  <testcase classname="bla.tm.definitions.site.HomePageDefinition" name="Then check that new page opened from Home page has &lt;pageURL&gt; and &lt;elementLocation&gt;\u200B\u200B\u200B\u200B\u200B\u200B\u200B\u200B\u200B" time="3.6"/>
  <testcase classname="bla.tm.definitions.site.HomePageDefinition" name="Given open Home page\u200B\u200B\u200B\u200B\u200B\u200B\u200B\u200B\u200B\u200B\u200B\u200B\u200B" time="1.778"/>
  <testcase classname="bla.tm.definitions.site.HomePageDefinition" name="When check visibility and click &lt;elementKey&gt; element of Home page\u200B\u200B\u200B\u200B\u200B\u200B\u200B\u200B\u200B\u200B" time="0.354"/>
  <testcase classname="bla.tm.definitions.site.HomePageDefinition" name="Then check that new page opened from Home page has &lt;pageURL&gt; and &lt;elementLocation&gt;\u200B\u200B\u200B\u200B\u200B\u200B\u200B\u200B\u200B\u200B" time="2.394"/>
  <testcase classname="bla.tm.definitions.site.HomePageDefinition" name="Given open Home page\u200B\u200B\u200B\u200B\u200B\u200B\u200B\u200B\u200B\u200B\u200B\u200B\u200B\u200B" time="1.978"/>
  <testcase classname="bla.tm.definitions.site.HomePageDefinition" name="When check visibility and click &lt;elementKey&gt; element of Home page\u200B\u200B\u200B\u200B\u200B\u200B\u200B\u200B\u200B\u200B\u200B" time="2.045"/>
  <testcase classname="bla.tm.definitions.site.HomePageDefinition" name="Then check that new page opened from Home page has &lt;pageURL&gt; and &lt;elementLocation&gt;\u200B\u200B\u200B\u200B\u200B\u200B\u200B\u200B\u200B\u200B\u200B" time="0.144"/>
  <testcase classname="Scenario: |\/Home Page\/| Verification for all the page links" name="Scenario: |\/Home Page\/| Verification for all the page links" time="0.145"/>
  <testcase classname="Home.story" name="Home.story" time="0.147"/>
  <testcase classname="bla.tm.definitions.site.HomePageDefinition" name="Given open Home page\u200B\u200B\u200B\u200B\u200B\u200B\u200B\u200B\u200B\u200B\u200B\u200B\u200B\u200B\u200B" time="2.717"/>
  <testcase classname="bla.tm.definitions.site.HomePageDefinition" name="When navigate to Pantheon LogIn page from Home page\u200B" time="1.352"/>
  <testcase classname="bla.tm.definitions.site.pantheon.UserLogInDefinition" name="When navigate to Pantheon User Account page from LogIn page" time="5.388"/>
  <testcase classname="bla.tm.definitions.site.pantheon.UserAccountDefinition" name="When navigate to Pantheon Edit Profile page from User Account page" time="4.253"/>
  <testcase classname="bla.tm.definitions.site.pantheon.EditProfileDefinition" name="Then check general page elements for Pantheon Edit Profile page" time="20.384"/>
  <testcase classname="Scenario: |developer-acct.ticketmaster.com\/user\/1554\/edit| Verification for general page\&apos;s elements" name="Scenario: |developer-acct.ticketmaster.com\/user\/1554\/edit| Verification for general page\&apos;s elements" time="20.436"/>
  <testcase classname="EditProfile.story" name="EditProfile.story" time="20.44"/>
  <testcase classname="bla.tm.definitions.site.HomePageDefinition" name="Given open Home page\u200B\u200B\u200B\u200B\u200B\u200B\u200B\u200B\u200B\u200B\u200B\u200B\u200B\u200B\u200B\u200B" time="3.33"/>
  <testcase classname="bla.tm.definitions.site.HomePageDefinition" name="When navigate to Pantheon LogIn page from Home page\u200B\u200B" time="1.068"/>
  <testcase classname="bla.tm.definitions.site.pantheon.UserLogInDefinition" name="Then check general page elements for Pantheon User LonIn page" time="20.322"/>
  <testcase classname="Scenario: |developer-acct.ticketmaster.com\/user\/login| Verification for general page\&apos;s elements" name="Scenario: |developer-acct.ticketmaster.com\/user\/login| Verification for general page\&apos;s elements" time="20.352"/>
  <testcase classname="UserLogIn.story" name="UserLogIn.story" time="20.353"/>
  <testcase classname="bla.tm.definitions.site.products_and_docs.PD_DiscoveryAPIv1Definition" name="Given open Discovery API v1 page\u200B\u200B" time="6.513"/>
  <testcase classname="bla.tm.definitions.site.products_and_docs.PD_DiscoveryAPIv1Definition" name="Then check general page elements for Discovery API v1 Page\u002C where DISQUS = true and LeftMenu = true" time="0.626">
    <failure message="expected:&lt;[Not Found]&gt; but was:&lt;[DISCOVERY API]&gt;" type="org.junit.ComparisonFailure">org.junit.ComparisonFailure: expected:&lt;[Not Found]&gt; but was:&lt;[DISCOVERY API]&gt;
	at org.junit.Assert.assertEquals(Assert.java:115)
	at org.junit.Assert.assertEquals(Assert.java:144)
	at bla.tm.steps.products_and_docs.PD_DiscoveryAPIv1Steps.checkIfTitleIsCorrect(PD_DiscoveryAPIv1Steps.java:25)
	at bla.tm.steps.products_and_docs.PD_DiscoveryAPIv1Steps$$EnhancerByCGLIB$$9010902c.CGLIB$checkIfTitleIsCorrect$1(&lt;generated&gt;)
	at bla.tm.steps.products_and_docs.PD_DiscoveryAPIv1Steps$$EnhancerByCGLIB$$9010902c$$FastClassByCGLIB$$d827cb98.invoke(&lt;generated&gt;)
	at net.sf.cglib.proxy.MethodProxy.invokeSuper(MethodProxy.java:228)
	at net.thucydides.core.steps.StepInterceptor.invokeMethod(StepInterceptor.java:372)
	at net.thucydides.core.steps.StepInterceptor.executeTestStepMethod(StepInterceptor.java:357)
	at net.thucydides.core.steps.StepInterceptor.runTestStep(StepInterceptor.java:332)
	at net.thucydides.core.steps.StepInterceptor.testStepResult(StepInterceptor.java:134)
	at net.thucydides.core.steps.StepInterceptor.intercept(StepInterceptor.java:61)
	at bla.tm.steps.products_and_docs.PD_DiscoveryAPIv1Steps$$EnhancerByCGLIB$$9010902c.checkIfTitleIsCorrect(&lt;generated&gt;)
	at bla.tm.definitions.site.products_and_docs.PD_DiscoveryAPIv1Definition.checkGeneralPageElements(PD_DiscoveryAPIv1Definition.java:46)
	at sun.reflect.NativeMethodAccessorImpl.invoke0(Native Method)
	at sun.reflect.NativeMethodAccessorImpl.invoke(NativeMethodAccessorImpl.java:62)
	at sun.reflect.DelegatingMethodAccessorImpl.invoke(DelegatingMethodAccessorImpl.java:43)
	at java.lang.reflect.Method.invoke(Method.java:483)
	at org.jbehave.core.steps.StepCreator$ParametrisedStep.perform(StepCreator.java:599)
	at org.jbehave.core.embedder.PerformableTree$FineSoFar.run(PerformableTree.java:340)
	at org.jbehave.core.embedder.PerformableTree$PerformableSteps.perform(PerformableTree.java:1072)
	at org.jbehave.core.embedder.PerformableTree$AbstractPerformableScenario.performRestartableSteps(PerformableTree.java:938)
	at org.jbehave.core.embedder.PerformableTree$NormalPerformableScenario.perform(PerformableTree.java:977)
	at org.jbehave.core.embedder.PerformableTree$PerformableScenario.perform(PerformableTree.java:887)
	at org.jbehave.core.embedder.PerformableTree$PerformableStory.performScenarios(PerformableTree.java:811)
	at org.jbehave.core.embedder.PerformableTree$PerformableStory.perform(PerformableTree.java:784)
	at org.jbehave.core.embedder.PerformableTree.performCancellable(PerformableTree.java:416)
	at org.jbehave.core.embedder.PerformableTree.perform(PerformableTree.java:387)
	at org.jbehave.core.embedder.StoryManager$EnqueuedStory.call(StoryManager.java:291)
	at org.jbehave.core.embedder.StoryManager$EnqueuedStory.call(StoryManager.java:265)
	at java.util.concurrent.FutureTask.run(FutureTask.java:266)
	at java.util.concurrent.ThreadPoolExecutor.runWorker(ThreadPoolExecutor.java:1142)
	at java.util.concurrent.ThreadPoolExecutor$Worker.run(ThreadPoolExecutor.java:617)
	at java.lang.Thread.run(Thread.java:745)
</failure>
    <system-out>Given open Discovery API v1 page
</system-out>
  </testcase>
  <testcase classname="Scenario: |\/products-and-docs\/apis\/discovery\/v1\/| Verification for general page\&apos;s elements" name="Scenario: |\/products-and-docs\/apis\/discovery\/v1\/| Verification for general page\&apos;s elements" time="0.672">
    <failure message="scenario failed!" type="java.lang.AssertionError">java.lang.AssertionError: scenario failed!
	at de.codecentric.jbehave.junit.monitoring.JUnitScenarioReporter.afterScenario(JUnitScenarioReporter.java:218)
	at org.jbehave.core.reporters.DelegatingStoryReporter.afterScenario(DelegatingStoryReporter.java:43)
	at org.jbehave.core.reporters.ConcurrentStoryReporter.afterScenario(ConcurrentStoryReporter.java:176)
	at org.jbehave.core.embedder.PerformableTree$PerformableScenario.perform(PerformableTree.java:890)
	at org.jbehave.core.embedder.PerformableTree$PerformableStory.performScenarios(PerformableTree.java:811)
	at org.jbehave.core.embedder.PerformableTree$PerformableStory.perform(PerformableTree.java:784)
	at org.jbehave.core.embedder.PerformableTree.performCancellable(PerformableTree.java:416)
	at org.jbehave.core.embedder.PerformableTree.perform(PerformableTree.java:387)
	at org.jbehave.core.embedder.StoryManager$EnqueuedStory.call(StoryManager.java:291)
	at org.jbehave.core.embedder.StoryManager$EnqueuedStory.call(StoryManager.java:265)
	at java.util.concurrent.FutureTask.run(FutureTask.java:266)
	at java.util.concurrent.ThreadPoolExecutor.runWorker(ThreadPoolExecutor.java:1142)
	at java.util.concurrent.ThreadPoolExecutor$Worker.run(ThreadPoolExecutor.java:617)
	at java.lang.Thread.run(Thread.java:745)
</failure>
    <system-out>Then check general page elements for Discovery API v1 Page, where DISQUS = true and LeftMenu = true (FAILED)
(org.junit.ComparisonFailure: expected:&lt;[Not Found]&gt; but was:&lt;[DISCOVERY API]&gt;)
</system-out>
  </testcase>
  <testcase classname="PD_DiscoveryAPIV1.story" name="PD_DiscoveryAPIV1.story" time="0.827">
    <failure message="story failed!" type="java.lang.AssertionError">java.lang.AssertionError: story failed!
	at de.codecentric.jbehave.junit.monitoring.JUnitScenarioReporter.afterStory(JUnitScenarioReporter.java:143)
	at org.jbehave.core.reporters.DelegatingStoryReporter.afterStory(DelegatingStoryReporter.java:49)
	at org.jbehave.core.reporters.ConcurrentStoryReporter.afterStory(ConcurrentStoryReporter.java:122)
	at org.jbehave.core.embedder.PerformableTree$PerformableStory.perform(PerformableTree.java:792)
	at org.jbehave.core.embedder.PerformableTree.performCancellable(PerformableTree.java:416)
	at org.jbehave.core.embedder.PerformableTree.perform(PerformableTree.java:387)
	at org.jbehave.core.embedder.StoryManager$EnqueuedStory.call(StoryManager.java:291)
	at org.jbehave.core.embedder.StoryManager$EnqueuedStory.call(StoryManager.java:265)
	at java.util.concurrent.FutureTask.run(FutureTask.java:266)
	at java.util.concurrent.ThreadPoolExecutor.runWorker(ThreadPoolExecutor.java:1142)
	at java.util.concurrent.ThreadPoolExecutor$Worker.run(ThreadPoolExecutor.java:617)
	at java.lang.Thread.run(Thread.java:745)
</failure>
    <system-out>
org.junit.ComparisonFailure: expected:&lt;[Not Found]&gt; but was:&lt;[DISCOVERY API]&gt;
	at org.junit.Assert.assertEquals(Assert.java:115)
	at org.junit.Assert.assertEquals(Assert.java:144)
	at bla.tm.steps.products_and_docs.PD_DiscoveryAPIv1Steps.checkIfTitleIsCorrect(PD_DiscoveryAPIv1Steps.java:25)
	at bla.tm.steps.products_and_docs.PD_DiscoveryAPIv1Steps$$EnhancerByCGLIB$$9010902c.CGLIB$checkIfTitleIsCorrect$1(&lt;generated&gt;)
	at bla.tm.steps.products_and_docs.PD_DiscoveryAPIv1Steps$$EnhancerByCGLIB$$9010902c$$FastClassByCGLIB$$d827cb98.invoke(&lt;generated&gt;)
	at net.sf.cglib.proxy.MethodProxy.invokeSuper(MethodProxy.java:228)
	at net.thucydides.core.steps.StepInterceptor.invokeMethod(StepInterceptor.java:372)
	at net.thucydides.core.steps.StepInterceptor.executeTestStepMethod(StepInterceptor.java:357)
	at net.thucydides.core.steps.StepInterceptor.runTestStep(StepInterceptor.java:332)
	at net.thucydides.core.steps.StepInterceptor.testStepResult(StepInterceptor.java:134)
	at net.thucydides.core.steps.StepInterceptor.intercept(StepInterceptor.java:61)
	at bla.tm.steps.products_and_docs.PD_DiscoveryAPIv1Steps$$EnhancerByCGLIB$$9010902c.checkIfTitleIsCorrect(&lt;generated&gt;)
	at bla.tm.definitions.site.products_and_docs.PD_DiscoveryAPIv1Definition.checkGeneralPageElements(PD_DiscoveryAPIv1Definition.java:46)
	(reflection-invoke)
	at org.jbehave.core.steps.StepCreator$ParametrisedStep.perform(StepCreator.java:599)
	at org.jbehave.core.embedder.PerformableTree$FineSoFar.run(PerformableTree.java:340)
...
</system-out>
    <system-err>[pool-1-thread-1] ERROR net.serenitybdd.core.Serenity - 
           __  _____ _____ ____ _____   _____ _    ___ _     _____ ____  
  _       / / |_   _| ____/ ___|_   _| |  ___/ \  |_ _| |   | ____|  _ \ 
 (_)_____| |    | | |  _| \___ \ | |   | |_ / _ \  | || |   |  _| | | | |
  _|_____| |    | | | |___ ___) || |   |  _/ ___ \ | || |___| |___| |_| |
 (_)     | |    |_| |_____|____/ |_|   |_|/_/   \_\___|_____|_____|____/ 
          \_\                                                            

TEST FAILED: (/products-and-docs/apis/discovery/v1/) Verification for general page&apos;s elements
--------------------------------------------------------------------------
[pool-1-thread-1] ERROR net.serenitybdd.core.Serenity - TEST FAILED AT STEP Check if title is correct
[pool-1-thread-1] ERROR net.serenitybdd.core.Serenity - expected:&lt;[Not Found]&gt; but was:&lt;[DISCOVERY API]&gt;
</system-err>
  </testcase>
  <testcase classname="bla.tm.definitions.site.products_and_docs.PD_PartnerAPIDefinition" name="Given open Partner API page\u200B" time="5.946"/>
  <testcase classname="bla.tm.definitions.site.products_and_docs.PD_PartnerAPIDefinition" name="Then check general page elements for Partner API Page\u002C where DISQUS = true and LeftMenu = true" time="0.978"/>
  <testcase classname="Scenario: |\/products-and-docs\/apis\/partner\/| Verification for general page\&apos;s elements" name="Scenario: |\/products-and-docs\/apis\/partner\/| Verification for general page\&apos;s elements" time="1.026"/>
  <testcase classname="PD_PartnerAPI.story" name="PD_PartnerAPI.story" time="1.027"/>
  <testcase classname="bla.tm.definitions.site.HomePageDefinition" name="Given open Home page\u200B\u200B\u200B\u200B\u200B\u200B\u200B\u200B\u200B\u200B\u200B\u200B\u200B\u200B\u200B\u200B\u200B" time="3.23"/>
  <testcase classname="bla.tm.definitions.site.SearchDefinition" name="And insert Search Parameter &lt;searchRequest&gt; and navigate to Search page" time="0.459"/>
  <testcase classname="bla.tm.definitions.site.SearchDefinition" name="Then check general page elements for Search Page\u002C where DISQUS = false and LeftMenu = false" time="22.346"/>
  <testcase classname="Scenario: |\/search\/| Verification for general page\&apos;s elements" name="Scenario: |\/search\/| Verification for general page\&apos;s elements" time="22.346"/>
  <testcase classname="Search.story" name="Search.story" time="22.346"/>
  <testcase classname="bla.tm.definitions.site.products_and_docs.PD_WidgetsDefinition" name="Given open Widgets page" time="2.302"/>
  <testcase classname="bla.tm.definitions.site.products_and_docs.PD_WidgetsDefinition" name="Then check general page elements for Widgets Page\u002C where DISQUS = false and LeftMenu = true" time="10.298"/>
  <testcase classname="Scenario: |\/products-and-docs\/widgets\/| Verification for general page\&apos;s elements" name="Scenario: |\/products-and-docs\/widgets\/| Verification for general page\&apos;s elements" time="10.332"/>
  <testcase classname="bla.tm.definitions.site.products_and_docs.PD_WidgetsDefinition" name="Given open Widgets page\u200B" time="0.939"/>
  <testcase classname="bla.tm.definitions.site.products_and_docs.PD_WidgetsDefinition" name="When check visibility and click DirectPaymentButton element of Widgets page" time="0.829"/>
  <testcase classname="bla.tm.definitions.site.products_and_docs.PD_WidgetsDefinition" name="Then check that new page opened from Direct Payment Button has has appropriate url" time="0.812"/>
  <testcase classname="Scenario: |\/products-and-docs\/widgets\/| Verification for Direct Payment Button element" name="Scenario: |\/products-and-docs\/widgets\/| Verification for Direct Payment Button element" time="0.844"/>
  <testcase classname="bla.tm.definitions.site.products_and_docs.PD_WidgetsDefinition" name="Given open Widgets page\u200B\u200B" time="0.922"/>
  <testcase classname="bla.tm.definitions.site.products_and_docs.PD_WidgetsDefinition" name="When check visibility and click &lt;elementKey&gt; element of Widgets page" time="0.862"/>
  <testcase classname="bla.tm.definitions.site.products_and_docs.PD_WidgetsDefinition" name="Then check that new page opened from Widgets page has &lt;pageURL&gt; and &lt;pageTitle&gt;" time="1.451"/>
  <testcase classname="bla.tm.definitions.site.products_and_docs.PD_WidgetsDefinition" name="Given open Widgets page\u200B\u200B\u200B" time="1.976"/>
  <testcase classname="bla.tm.definitions.site.products_and_docs.PD_WidgetsDefinition" name="When check visibility and click &lt;elementKey&gt; element of Widgets page\u200B" time="5.289"/>
  <testcase classname="bla.tm.definitions.site.products_and_docs.PD_WidgetsDefinition" name="Then check that new page opened from Widgets page has &lt;pageURL&gt; and &lt;pageTitle&gt;\u200B" time="0.046"/>
  <testcase classname="bla.tm.definitions.site.products_and_docs.PD_WidgetsDefinition" name="Given open Widgets page\u200B\u200B\u200B\u200B" time="0.951"/>
  <testcase classname="bla.tm.definitions.site.products_and_docs.PD_WidgetsDefinition" name="When check visibility and click &lt;elementKey&gt; element of Widgets page\u200B\u200B" time="2.843"/>
  <testcase classname="bla.tm.definitions.site.products_and_docs.PD_WidgetsDefinition" name="Then check that new page opened from Widgets page has &lt;pageURL&gt; and &lt;pageTitle&gt;\u200B\u200B" time="0.669"/>
  <testcase classname="bla.tm.definitions.site.products_and_docs.PD_WidgetsDefinition" name="Given open Widgets page\u200B\u200B\u200B\u200B\u200B" time="1.088"/>
  <testcase classname="bla.tm.definitions.site.products_and_docs.PD_WidgetsDefinition" name="When check visibility and click &lt;elementKey&gt; element of Widgets page\u200B\u200B\u200B" time="0.787"/>
  <testcase classname="bla.tm.definitions.site.products_and_docs.PD_WidgetsDefinition" name="Then check that new page opened from Widgets page has &lt;pageURL&gt; and &lt;pageTitle&gt;\u200B\u200B\u200B" time="2.963"/>
  <testcase classname="bla.tm.definitions.site.products_and_docs.PD_WidgetsDefinition" name="Given open Widgets page\u200B\u200B\u200B\u200B\u200B\u200B" time="1.063"/>
  <testcase classname="bla.tm.definitions.site.products_and_docs.PD_WidgetsDefinition" name="When check visibility and click &lt;elementKey&gt; element of Widgets page\u200B\u200B\u200B\u200B" time="1.049"/>
  <testcase classname="bla.tm.definitions.site.products_and_docs.PD_WidgetsDefinition" name="Then check that new page opened from Widgets page has &lt;pageURL&gt; and &lt;pageTitle&gt;\u200B\u200B\u200B\u200B" time="1.939"/>
  <testcase classname="Scenario: |\/products-and-docs\/widgets\/| Verification for all the page\&apos;s links" name="Scenario: |\/products-and-docs\/widgets\/| Verification for all the page\&apos;s links" time="1.941"/>
  <testcase classname="PD_Widgets.story" name="PD_Widgets.story" time="1.943"/>
  <testcase classname="bla.tm.definitions.site.HomePageDefinition" name="Given open Home page\u200B\u200B\u200B\u200B\u200B\u200B\u200B\u200B\u200B\u200B\u200B\u200B\u200B\u200B\u200B\u200B\u200B\u200B" time="3.705"/>
  <testcase classname="bla.tm.definitions.site.HomePageDefinition" name="When check visibility and click &lt;elementKey&gt; element of Home page\u200B\u200B\u200B\u200B\u200B\u200B\u200B\u200B\u200B\u200B\u200B\u200B" time="0.498"/>
  <testcase classname="bla.tm.definitions.site.HomePageDefinition" name="Then check that new page opened from Home page has &lt;pageURL&gt; and &lt;pageTitle&gt;" time="0.252"/>
  <testcase classname="Scenario: |\/blogs\/| Verification for general page\&apos;s elements" name="Scenario: |\/blogs\/| Verification for general page\&apos;s elements" time="0.253"/>
  <testcase classname="OpenSource.story" name="OpenSource.story" time="0.254"/>
  <testcase classname="bla.tm.definitions.site.products_and_docs.PD_OauthAPIDefinition" name="Given open Oauth API page" time="3.99"/>
  <testcase classname="bla.tm.definitions.site.products_and_docs.PD_OauthAPIDefinition" name="Then check general page elements for Oauth API Page\u002C where DISQUS = true and LeftMenu = true" time="0.625"/>
  <testcase classname="Scenario: |\/products-and-docs\/apis\/oauth\/| Verification for general page\&apos;s elements" name="Scenario: |\/products-and-docs\/apis\/oauth\/| Verification for general page\&apos;s elements" time="0.67"/>
  <testcase classname="PD_OauthAPI.story" name="PD_OauthAPI.story" time="0.672"/>
  <testcase classname="bla.tm.definitions.site.products_and_docs.PD_Widget_EventDiscoveryDefinition" name="Given open Event Discovery Widget page\u200B\u200B" time="4.721"/>
  <testcase classname="bla.tm.definitions.site.products_and_docs.PD_Widget_EventDiscoveryDefinition" name="Then check general page elements for Event Discovery Widget Page\u002C where DISQUS = true and LeftMenu = true" time="0.754"/>
  <testcase classname="Scenario: |\/products-and-docs\/widgets\/event-discovery\/| Verification for general page\&apos;s elements" name="Scenario: |\/products-and-docs\/widgets\/event-discovery\/| Verification for general page\&apos;s elements" time="0.792"/>
  <testcase classname="PD_Widget_EventDiscovery.story" name="PD_Widget_EventDiscovery.story" time="0.795"/>
  <testcase classname="bla.tm.definitions.site.partners.Partners_CertifiedPartnersDefinition" name="Given open Certified Partners page" time="3.311"/>
  <testcase classname="bla.tm.definitions.site.partners.Partners_CertifiedPartnersDefinition" name="Then check general page elements for Certified Partners Page\u002C where DISQUS = false and LeftMenu = true" time="10.424"/>
  <testcase classname="Scenario: |\/partners\/certified-partners\/| Verification for general page\&apos;s elements" name="Scenario: |\/partners\/certified-partners\/| Verification for general page\&apos;s elements" time="10.466"/>
  <testcase classname="Partners_CertifiedPartners.story" name="Partners_CertifiedPartners.story" time="10.467"/>
  <testcase classname="bla.tm.definitions.site.EventsDefinition" name="Given open Events page" time="3.072"/>
  <testcase classname="bla.tm.definitions.site.EventsDefinition" name="Then check general page elements for Events Page\u002C where DISQUS = false and LeftMenu = true" time="10.257"/>
  <testcase classname="Scenario: |\/events\/| Verification for general page\&apos;s elements" name="Scenario: |\/events\/| Verification for general page\&apos;s elements" time="10.304"/>
  <testcase classname="Events.story" name="Events.story" time="10.306"/>
  <testcase classname="bla.tm.definitions.site.partners.PartnersDefinition" name="Given open Partners page" time="2.727"/>
  <testcase classname="bla.tm.definitions.site.partners.PartnersDefinition" name="Then check general page elements for Partners Page\u002C where DISQUS = false and LeftMenu = false" time="20.484"/>
  <testcase classname="Scenario: |\/partners\/| Verification for general page\&apos;s elements" name="Scenario: |\/partners\/| Verification for general page\&apos;s elements" time="20.533"/>
  <testcase classname="Partners.story" name="Partners.story" time="20.536"/>
  <testcase classname="bla.tm.definitions.site.products_and_docs.PD_Tutorials_EventSearchDefinition" name="Given open Tutorials EventSearch page" time="3.678"/>
  <testcase classname="bla.tm.definitions.site.products_and_docs.PD_Tutorials_EventSearchDefinition" name="Then check general page elements for Tutorials EventSearch Page\u002C where DISQUS = false and LeftMenu = true" time="10.352"/>
  <testcase classname="Scenario: |\/products-and-docs\/tutorials\/events-search\/| Verification for general page\&apos;s elements" name="Scenario: |\/products-and-docs\/tutorials\/events-search\/| Verification for general page\&apos;s elements" time="10.391"/>
  <testcase classname="bla.tm.definitions.site.products_and_docs.PD_Tutorials_EventSearchDefinition" name="Given open Tutorials EventSearch page\u200B" time="1.946"/>
  <testcase classname="bla.tm.definitions.site.products_and_docs.PD_Tutorials_EventSearchDefinition" name="When check visibility and click &lt;elementKey&gt; element of Tutorials EventSearch page" time="2.232"/>
  <testcase classname="bla.tm.definitions.site.products_and_docs.PD_Tutorials_EventSearchDefinition" name="Then check that new page opened from Tutorials EventSearch page has &lt;pageURL&gt; and &lt;pageTitle&gt;" time="0.499"/>
  <testcase classname="bla.tm.definitions.site.products_and_docs.PD_Tutorials_EventSearchDefinition" name="Given open Tutorials EventSearch page\u200B\u200B" time="0.966"/>
  <testcase classname="bla.tm.definitions.site.products_and_docs.PD_Tutorials_EventSearchDefinition" name="When check visibility and click &lt;elementKey&gt; element of Tutorials EventSearch page\u200B" time="2.365"/>
  <testcase classname="bla.tm.definitions.site.products_and_docs.PD_Tutorials_EventSearchDefinition" name="Then check that new page opened from Tutorials EventSearch page has &lt;pageURL&gt; and &lt;pageTitle&gt;\u200B" time="0.367"/>
  <testcase classname="bla.tm.definitions.site.products_and_docs.PD_Tutorials_EventSearchDefinition" name="Given open Tutorials EventSearch page\u200B\u200B\u200B" time="0.617"/>
  <testcase classname="bla.tm.definitions.site.products_and_docs.PD_Tutorials_EventSearchDefinition" name="When check visibility and click &lt;elementKey&gt; element of Tutorials EventSearch page\u200B\u200B" time="0.714"/>
  <testcase classname="bla.tm.definitions.site.products_and_docs.PD_Tutorials_EventSearchDefinition" name="Then check that new page opened from Tutorials EventSearch page has &lt;pageURL&gt; and &lt;pageTitle&gt;\u200B\u200B" time="1.646"/>
  <testcase classname="bla.tm.definitions.site.products_and_docs.PD_Tutorials_EventSearchDefinition" name="Given open Tutorials EventSearch page\u200B\u200B\u200B\u200B" time="0.597"/>
  <testcase classname="bla.tm.definitions.site.products_and_docs.PD_Tutorials_EventSearchDefinition" name="When check visibility and click &lt;elementKey&gt; element of Tutorials EventSearch page\u200B\u200B\u200B" time="2.458"/>
  <testcase classname="bla.tm.definitions.site.products_and_docs.PD_Tutorials_EventSearchDefinition" name="Then check that new page opened from Tutorials EventSearch page has &lt;pageURL&gt; and &lt;pageTitle&gt;\u200B\u200B\u200B" time="0.249"/>
  <testcase classname="bla.tm.definitions.site.products_and_docs.PD_Tutorials_EventSearchDefinition" name="Given open Tutorials EventSearch page\u200B\u200B\u200B\u200B\u200B" time="1.618"/>
  <testcase classname="bla.tm.definitions.site.products_and_docs.PD_Tutorials_EventSearchDefinition" name="When check visibility and click &lt;elementKey&gt; element of Tutorials EventSearch page\u200B\u200B\u200B\u200B" time="1.633"/>
  <testcase classname="bla.tm.definitions.site.products_and_docs.PD_Tutorials_EventSearchDefinition" name="Then check that new page opened from Tutorials EventSearch page has &lt;pageURL&gt; and &lt;pageTitle&gt;\u200B\u200B\u200B\u200B" time="0.962"/>
  <testcase classname="bla.tm.definitions.site.products_and_docs.PD_Tutorials_EventSearchDefinition" name="Given open Tutorials EventSearch page\u200B\u200B\u200B\u200B\u200B\u200B" time="0.812"/>
  <testcase classname="bla.tm.definitions.site.products_and_docs.PD_Tutorials_EventSearchDefinition" name="When check visibility and click &lt;elementKey&gt; element of Tutorials EventSearch page\u200B\u200B\u200B\u200B\u200B" time="2.037"/>
  <testcase classname="bla.tm.definitions.site.products_and_docs.PD_Tutorials_EventSearchDefinition" name="Then check that new page opened from Tutorials EventSearch page has &lt;pageURL&gt; and &lt;pageTitle&gt;\u200B\u200B\u200B\u200B\u200B" time="0.776"/>
  <testcase classname="Scenario: |\/products-and-docs\/tutorials\/events-search\/| Verification for all the page\&apos;s links" name="Scenario: |\/products-and-docs\/tutorials\/events-search\/| Verification for all the page\&apos;s links" time="0.777"/>
  <testcase classname="PD_Tutorials_EventSearch.story" name="PD_Tutorials_EventSearch.story" time="0.78"/>
  <testcase classname="bla.tm.definitions.site.products_and_docs.PD_Tutorials_EventSearch_SearchEventWithDiscoveryAPIDefinition" name="Given open Tutorials EventSearch SearchEventWithDiscoveryAPI page" time="3.205"/>
  <testcase classname="bla.tm.definitions.site.products_and_docs.PD_Tutorials_EventSearch_SearchEventWithDiscoveryAPIDefinition" name="Then check general page elements for Tutorials EventSearch SearchEventWithDiscoveryAPI Page\u002C where DISQUS = true and LeftMenu = true" time="0.723"/>
  <testcase classname="Scenario: |\/products-and-docs\/tutorials\/events-search\/search_events_with_discovery_api_html| Verification for general page\&apos;s elements" name="Scenario: |\/products-and-docs\/tutorials\/events-search\/search_events_with_discovery_api_html| Verification for general page\&apos;s elements" time="0.761"/>
  <testcase classname="PD_Tutorials_EventSearch_SearchEventWithDiscoveryAPI.story" name="PD_Tutorials_EventSearch_SearchEventWithDiscoveryAPI.story" time="0.762"/>
  <testcase classname="bla.tm.definitions.site.products_and_docs.PD_Widget_CalendarDefinition" name="Given open Calendar Widget page\u200B\u200B" time="4.331"/>
  <testcase classname="bla.tm.definitions.site.products_and_docs.PD_Widget_CalendarDefinition" name="Then check general page elements for Calendar Widget Page\u002C where DISQUS = true and LeftMenu = true" time="0.642"/>
  <testcase classname="Scenario: |\/products-and-docs\/widgets\/calendar\/| Verification for general page\&apos;s elements" name="Scenario: |\/products-and-docs\/widgets\/calendar\/| Verification for general page\&apos;s elements" time="0.684"/>
  <testcase classname="PD_Widget_Calendar.story" name="PD_Widget_Calendar.story" time="0.684"/>
  <testcase classname="bla.tm.definitions.site.partners.Partners_DistributionPartnersDefinition" name="Given open Distribution Partners page" time="3.587"/>
  <testcase classname="bla.tm.definitions.site.partners.Partners_DistributionPartnersDefinition" name="Then check general page elements for Distribution Partners Page\u002C where DISQUS = true and LeftMenu = true" time="0.473"/>
  <testcase classname="Scenario: |\/partners\/distribution-partners\/| Verification for general page\&apos;s elements" name="Scenario: |\/partners\/distribution-partners\/| Verification for general page\&apos;s elements" time="0.503"/>
  <testcase classname="Partners_DistributionPartners.story" name="Partners_DistributionPartners.story" time="0.504"/>
  <testcase classname="bla.tm.definitions.site.products_and_docs.PD_Widget_CountdownDefinition" name="Given open Countdown Widget page\u200B\u200B" time="4.66"/>
  <testcase classname="bla.tm.definitions.site.products_and_docs.PD_Widget_CountdownDefinition" name="Then check general page elements for Countdown Widget Page\u002C where DISQUS = true and LeftMenu = true" time="0.765"/>
  <testcase classname="Scenario: |\/products-and-docs\/widgets\/countdown\/| Verification for general page\&apos;s elements" name="Scenario: |\/products-and-docs\/widgets\/countdown\/| Verification for general page\&apos;s elements" time="0.799"/>
  <testcase classname="PD_Widget_Countdown.story" name="PD_Widget_Countdown.story" time="0.8"/>
  <testcase classname="bla.tm.definitions.site.products_and_docs.PD_TopPicksAPIDefinition" name="Given open Top Picks API page\u200B" time="3.844"/>
  <testcase classname="bla.tm.definitions.site.products_and_docs.PD_TopPicksAPIDefinition" name="Then check general page elements for Top Picks API Page\u002C where DISQUS = true and LeftMenu = true" time="0.566"/>
  <testcase classname="Scenario: |\/api-explorer\/| Verification for general page\&apos;s elements" name="Scenario: |\/api-explorer\/| Verification for general page\&apos;s elements" time="0.591"/>
  <testcase classname="PD_TopPicksAPI.story" name="PD_TopPicksAPI.story" time="0.591"/>
  <testcase classname="bla.tm.definitions.site.BlogsDefinition" name="Given open Blogs page" time="2.566"/>
  <testcase classname="bla.tm.definitions.site.BlogsDefinition" name="Then check general page elements for Blogs Page\u002C where DISQUS = false and LeftMenu = false" time="30.426"/>
  <testcase classname="Scenario: |\/blogs\/| Verification for general page\&apos;s elements\u200B" name="Scenario: |\/blogs\/| Verification for general page\&apos;s elements\u200B" time="30.464"/>
  <testcase classname="Blogs.story" name="Blogs.story" time="30.465"/>
  <testcase classname="bla.tm.definitions.site.products_and_docs.PD_Widget_CalendarDefinition" name="Given open Calendar Widget page\u200B\u200B\u200B" time="3.967"/>
  <testcase classname="bla.tm.definitions.site.widgets.CalendarWidgetDefinition" name="Then the required fields are not empty on the Calendar Widget page" time="0.536"/>
  <testcase classname="Scenario: |\/products-and-docs\/widgets\/calendar\/| TECHNICAL TAB - Check that required fields are not empty" name="Scenario: |\/products-and-docs\/widgets\/calendar\/| TECHNICAL TAB - Check that required fields are not empty" time="0.584"/>
  <testcase classname="bla.tm.definitions.site.products_and_docs.PD_Widget_CalendarDefinition" name="Given open Calendar Widget page\u200B\u200B\u200B\u200B" time="2.353"/>
  <testcase classname="bla.tm.definitions.site.widgets.CalendarWidgetDefinition" name="And change values for: apiKey\u002Ckeyword\u002CzipCode\u002Cradius" time="4.239"/>
  <testcase classname="bla.tm.definitions.site.widgets.CalendarWidgetDefinition" name="And store values of: apiKey\u002Ckeyword\u002CzipCode\u002Cradius" time="0.32"/>
  <testcase classname="bla.tm.definitions.site.widgets.CountdownWidgetDefinition" name="When click on \&quot;Get code\&quot; button" time="0.769"/>
  <testcase classname="bla.tm.definitions.site.widgets.CountdownWidgetDefinition" name="Then the pop-up Embedded Code is opened" time="2.698"/>
  <testcase classname="bla.tm.definitions.site.widgets.CalendarWidgetDefinition" name="And embedded html code contains stored values of: apiKey\u002Ckeyword\u002CzipCode\u002Cradius" time="0.33"/>
  <testcase classname="Scenario: |\/products-and-docs\/widgets\/calendar\/| TECHNICAL TAB - Check that embed code functionality works properly" name="Scenario: |\/products-and-docs\/widgets\/calendar\/| TECHNICAL TAB - Check that embed code functionality works properly" time="0.36"/>
  <testcase classname="bla.tm.definitions.site.products_and_docs.PD_Widget_CalendarDefinition" name="Given open Calendar Widget page\u200B\u200B\u200B\u200B\u200B" time="2.019"/>
  <testcase classname="bla.tm.definitions.site.widgets.CalendarWidgetDefinition" name="When change value of Zip Code &lt;zipCode&gt;" time="1.839"/>
  <testcase classname="bla.tm.definitions.site.widgets.CalendarWidgetDefinition" name="Then the Country field contains appropriate value &lt;countryName&gt;" time="0.347"/>
  <testcase classname="bla.tm.definitions.site.products_and_docs.PD_Widget_CalendarDefinition" name="Given open Calendar Widget page\u200B\u200B\u200B\u200B\u200B\u200B" time="1.895"/>
  <testcase classname="bla.tm.definitions.site.widgets.CalendarWidgetDefinition" name="When change value of Zip Code &lt;zipCode&gt;\u200B" time="2.016"/>
  <testcase classname="bla.tm.definitions.site.widgets.CalendarWidgetDefinition" name="Then the Country field contains appropriate value &lt;countryName&gt;\u200B" time="0.076"/>
  <testcase classname="Scenario: |\/products-and-docs\/widgets\/calendar\/| TECHNICAL TAB - Check that Country field is changed accordingly Zip Code" name="Scenario: |\/products-and-docs\/widgets\/calendar\/| TECHNICAL TAB - Check that Country field is changed accordingly Zip Code" time="0.076"/>
  <testcase classname="bla.tm.definitions.site.products_and_docs.PD_Widget_CalendarDefinition" name="Given open Calendar Widget page\u200B\u200B\u200B\u200B\u200B\u200B\u200B" time="2.397"/>
  <testcase classname="bla.tm.definitions.site.widgets.CalendarWidgetDefinition" name="And store values of: apiKey\u002Ckeyword\u002CzipCode\u002Cradius\u200B" time="0.396"/>
  <testcase classname="bla.tm.definitions.site.widgets.CalendarWidgetDefinition" name="And change values for: apiKey\u002Ckeyword\u002CzipCode\u002Cradius\u200B" time="3.861"/>
  <testcase classname="bla.tm.definitions.site.widgets.CountdownWidgetDefinition" name="When click reset button" time="2.156"/>
  <testcase classname="bla.tm.definitions.site.widgets.CalendarWidgetDefinition" name="Then values of fields: apiKey\u002Ckeyword\u002CzipCode\u002Cradius equals stored values" time="0.67"/>
  <testcase classname="Scenario: |\/products-and-docs\/widgets\/calendar\/| TECHNICAL TAB - Check RESET button functionality" name="Scenario: |\/products-and-docs\/widgets\/calendar\/| TECHNICAL TAB - Check RESET button functionality" time="0.719"/>
  <testcase classname="bla.tm.definitions.site.products_and_docs.PD_Widget_CalendarDefinition" name="Given open Calendar Widget page\u200B\u200B\u200B\u200B\u200B\u200B\u200B\u200B" time="2.686"/>
  <testcase classname="bla.tm.definitions.site.widgets.CalendarWidgetDefinition" name="And store values of: apiKey\u002Ckeyword\u002CzipCode\u002Cradius\u200B\u200B" time="0.399"/>
  <testcase classname="bla.tm.definitions.site.widgets.CalendarWidgetDefinition" name="And change values for: apiKey\u002Ckeyword\u002CzipCode\u002Cradius\u200B\u200B" time="4.339"/>
  <testcase classname="bla.tm.definitions.site.widgets.CalendarWidgetDefinition" name="When click reset button on Calendar Widget Page" time="0.646"/>
  <testcase classname="bla.tm.definitions.site.widgets.CountdownWidgetDefinition" name="And click on \&quot;Get code\&quot; button" time="0.793"/>
  <testcase classname="bla.tm.definitions.site.widgets.CountdownWidgetDefinition" name="Then the pop-up Embedded Code is opened\u200B" time="2.417"/>
  <testcase classname="bla.tm.definitions.site.widgets.CalendarWidgetDefinition" name="And embedded html code contains stored values of: apiKey\u002Ckeyword\u002CzipCode\u002Cradius\u200B" time="0.618"/>
  <testcase classname="Scenario: |\/products-and-docs\/widgets\/calendar\/| Check RESET button functionality on Embedded Code Pop-up window" name="Scenario: |\/products-and-docs\/widgets\/calendar\/| Check RESET button functionality on Embedded Code Pop-up window" time="0.668"/>
  <testcase classname="bla.tm.definitions.site.products_and_docs.PD_Widget_CalendarDefinition" name="Given open Calendar Widget page\u200B\u200B\u200B\u200B\u200B\u200B\u200B\u200B\u200B" time="3.27"/>
  <testcase classname="bla.tm.definitions.site.widgets.CountdownWidgetDefinition" name="When I click on the \&apos;Get your own\&apos; link to get api key" time="0.375"/>
  <testcase classname="bla.tm.definitions.site.widgets.CountdownWidgetDefinition" name="Then The page is opened with url https:\/\/developer-acct.ticketmaster.com" time="0.963"/>
  <testcase classname="Scenario: |\/products-and-docs\/widgets\/calendar\/| TECHNICAL TAB - Check links" name="Scenario: |\/products-and-docs\/widgets\/calendar\/| TECHNICAL TAB - Check links" time="1.005"/>
  <testcase classname="bla.tm.definitions.site.products_and_docs.PD_Widget_CalendarDefinition" name="Given open Calendar Widget page\u200B\u200B\u200B\u200B\u200B\u200B\u200B\u200B\u200B\u200B" time="3.181"/>
  <testcase classname="bla.tm.definitions.site.widgets.CountdownWidgetDefinition" name="And enter custom ApiKey invalidApiKey123" time="0.397"/>
  <testcase classname="bla.tm.definitions.site.widgets.CountdownWidgetDefinition" name="Then the event message is shown \&quot;No results were found\&quot;" time="2.183"/>
  <testcase classname="Scenario: |\/products-and-docs\/widgets\/calendar\/| Event message - Check event message for invalid API Key" name="Scenario: |\/products-and-docs\/widgets\/calendar\/| Event message - Check event message for invalid API Key" time="2.261"/>
  <testcase classname="CalendarWidget.story" name="CalendarWidget.story" time="2.264"/>
  <testcase classname="bla.tm.definitions.site.products_and_docs.PD_SeasonTicketingAPIDefinition" name="Given open Season Ticketing API page\u200B" time="3.493"/>
  <testcase classname="bla.tm.definitions.site.products_and_docs.PD_SeasonTicketingAPIDefinition" name="Then check general page elements for Season Ticketing API Page\u002C where DISQUS = true and LeftMenu = true" time="0.759"/>
  <testcase classname="Scenario: |\/api-explorer\/| Verification for general page\&apos;s elements\u200B" name="Scenario: |\/api-explorer\/| Verification for general page\&apos;s elements\u200B" time="0.809"/>
  <testcase classname="PD_SeasonTicketingAPI.story" name="PD_SeasonTicketingAPI.story" time="0.816"/>
  <testcase classname="bla.tm.definitions.site.products_and_docs.PD_ChangeLogDefinition" name="Given open ChangeLog page" time="3.844"/>
  <testcase classname="bla.tm.definitions.site.products_and_docs.PD_ChangeLogDefinition" name="Then check general page elements for ChangeLog Page\u002C where DISQUS = true and LeftMenu = true" time="1.084"/>
  <testcase classname="Scenario: |\/products-and-docs\/apis\/changelog\/| Verification for general page\&apos;s elements" name="Scenario: |\/products-and-docs\/apis\/changelog\/| Verification for general page\&apos;s elements" time="1.127"/>
  <testcase classname="PD_ChangeLog.story" name="PD_ChangeLog.story" time="1.129"/>
  <testcase classname="bla.tm.definitions.site.products_and_docs.PD_ComerceAPIDefinition" name="Given open Commerce API page\u200B" time="7.418"/>
  <testcase classname="bla.tm.definitions.site.products_and_docs.PD_ComerceAPIDefinition" name="When Commerce API menu has list of methods" time="129.092"/>
  <testcase classname="bla.tm.definitions.site.products_and_docs.PD_GettingStartedDefinition" name="And open Getting Started page" time="1.681"/>
  <testcase classname="bla.tm.definitions.site.products_and_docs.PD_GettingStartedDefinition" name="Then all the Commerce API methods are shown on Getting Started page" time="65.978"/>
  <testcase classname="Scenario: |\/products-and-docs\/apis\/getting-started\/| TKMDPA-874 Commerce API links in Available Resources table" name="Scenario: |\/products-and-docs\/apis\/getting-started\/| TKMDPA-874 Commerce API links in Available Resources table" time="66.392"/>
  <testcase classname="bla.tm.definitions.site.products_and_docs.PD_GettingStartedDefinition" name="Given open Getting Started page\u200B\u200B\u200B\u200B" time="1.122"/>
  <testcase classname="bla.tm.definitions.site.products_and_docs.PD_GettingStartedDefinition" name="Then check general page elements for Getting Started Page\u002C where DISQUS = true and LeftMenu = true" time="3.153"/>
  <testcase classname="Scenario: |\/products-and-docs\/apis\/getting-started\/| Verification for general page\&apos;s elements" name="Scenario: |\/products-and-docs\/apis\/getting-started\/| Verification for general page\&apos;s elements" time="3.241"/>
  <testcase classname="PD_GettingStarted.story" name="PD_GettingStarted.story" time="3.241"/>
  <testcase classname="bla.tm.definitions.site.partners.Partners_NexusDefinition" name="Given open Join The Nexus Program page" time="4.204"/>
  <testcase classname="bla.tm.definitions.site.partners.Partners_NexusDefinition" name="Then check general page elements for Join The Nexus Program Page\u002C where DISQUS = true and LeftMenu = true" time="0.85"/>
  <testcase classname="Scenario: |\/partners\/certified-partners\/nexus\/| Verification for general page\&apos;s elements" name="Scenario: |\/partners\/certified-partners\/nexus\/| Verification for general page\&apos;s elements" time="0.891"/>
  <testcase classname="Partners_Nexus.story" name="Partners_Nexus.story" time="0.893"/>
  <testcase classname="bla.tm.definitions.site.support.Support_ContactUsDefinition" name="Given open Contact Us page" time="3.824"/>
  <testcase classname="bla.tm.definitions.site.support.Support_ContactUsDefinition" name="Then check general page elements for Contact Us Page\u002C where DISQUS = false and LeftMenu = true" time="10.269"/>
  <testcase classname="Scenario: |\/support\/contact-us\/| Verification for general page\&apos;s elements" name="Scenario: |\/support\/contact-us\/| Verification for general page\&apos;s elements" time="10.316"/>
  <testcase classname="Support_ContactUs.story" name="Support_ContactUs.story" time="10.317"/>
  <testcase classname="bla.tm.definitions.site.products_and_docs.PD_GettingStartedDefinition" name="Given open Getting Started page\u200B\u200B\u200B\u200B\u200B" time="4.904"/>
  <testcase classname="bla.tm.definitions.site.products_and_docs.PD_GettingStartedDefinition" name="Then Summary widget is shown for Getting Started page" time="0.48"/>
  <testcase classname="Scenario: |summary widget| TKMDPA-870 Summary widget check for Getting Started page" name="Scenario: |summary widget| TKMDPA-870 Summary widget check for Getting Started page" time="0.904"/>
  <testcase classname="bla.tm.definitions.site.HomePageDefinition" name="Given open Home page\u200B\u200B\u200B\u200B\u200B\u200B\u200B\u200B\u200B\u200B\u200B\u200B\u200B\u200B\u200B\u200B\u200B\u200B\u200B" time="2.515"/>
  <testcase classname="bla.tm.definitions.site.HomePageDefinition" name="Then Summary widget is shown for Home page" time="0.066"/>
  <testcase classname="Scenario: |summary widget| TKMDPA-870 Summary widget check for Home page" name="Scenario: |summary widget| TKMDPA-870 Summary widget check for Home page" time="0.138"/>
  <testcase classname="bla.tm.definitions.site.products_and_docs.PD_APIExplorerDefinition" name="Given open API Explorer page\u200B\u200B" time="3.381"/>
  <testcase classname="bla.tm.definitions.site.products_and_docs.PD_APIExplorerDefinition" name="Then Summary widget is shown for API Explorer page" time="0.219"/>
  <testcase classname="Scenario: |summary widget| TKMDPA-870 Summary widget check for API Explorer page" name="Scenario: |summary widget| TKMDPA-870 Summary widget check for API Explorer page" time="0.306"/>
  <testcase classname="SummaryWidget.story" name="SummaryWidget.story" time="0.309"/>
  <testcase classname="bla.tm.definitions.site.products_and_docs.PD_Tutorials_EventSearch_SearchEventInSomeLocationDefinition" name="Given open Tutorials EventSearch SearchEventInSomeLocation page" time="4.435"/>
  <testcase classname="bla.tm.definitions.site.products_and_docs.PD_Tutorials_EventSearch_SearchEventInSomeLocationDefinition" name="Then check general page elements for Tutorials EventSearch SearchEventInSomeLocation Page\u002C where DISQUS = true and LeftMenu = true" time="0.539"/>
  <testcase classname="Scenario: |\/products-and-docs\/tutorials\/events-search\/search_events_in_location_html| Verification for general page\&apos;s elements" name="Scenario: |\/products-and-docs\/tutorials\/events-search\/search_events_in_location_html| Verification for general page\&apos;s elements" time="0.569"/>
  <testcase classname="PD_Tutorials_EventSearch_SearchEventInSomeLocation.story" name="PD_Tutorials_EventSearch_SearchEventInSomeLocation.story" time="0.57"/>
  <testcase classname="bla.tm.definitions.site.products_and_docs.PD_APIExplorerDefinition" name="Given open API Explorer page\u200B\u200B\u200B" time="4.142"/>
  <testcase classname="bla.tm.definitions.site.products_and_docs.PD_APIExplorerDefinition" name="Then check general page elements for API Explorer Page\u002C where DISQUS = true and LeftMenu = false" time="10.48"/>
  <testcase classname="Scenario: |\/api-explorer\/| Verification for general page\&apos;s elements\u200B\u200B" name="Scenario: |\/api-explorer\/| Verification for general page\&apos;s elements\u200B\u200B" time="10.529"/>
  <testcase classname="PD_APIExplorer.story" name="PD_APIExplorer.story" time="10.531"/>
  <testcase classname="bla.tm.definitions.site.products_and_docs.PD_ComerceAPIDefinition" name="Given open Commerce API page\u200B\u200B" time="6.269"/>
  <testcase classname="bla.tm.definitions.site.products_and_docs.PD_ComerceAPIDefinition" name="Then check general page elements for Commerce API Page\u002C where DISQUS = true and LeftMenu = true" time="1.484"/>
  <testcase classname="Scenario: |\/products-and-docs\/apis\/commerce\/| Verification for general page\&apos;s elements" name="Scenario: |\/products-and-docs\/apis\/commerce\/| Verification for general page\&apos;s elements" time="1.523"/>
  <testcase classname="PD_CommerceAPI.story" name="PD_CommerceAPI.story" time="1.524"/>
  <testcase classname="bla.tm.definitions.site.support.Support_FAQDefinition" name="Given open FAQ page" time="4.886"/>
  <testcase classname="bla.tm.definitions.site.support.Support_FAQDefinition" name="Then check general page elements for FAQ Page\u002C where DISQUS = true and LeftMenu = true" time="0.736"/>
  <testcase classname="Scenario: |\/support\/faq\/| Verification for general page\&apos;s elements" name="Scenario: |\/support\/faq\/| Verification for general page\&apos;s elements" time="0.766"/>
  <testcase classname="Support_FAQ.story" name="Support_FAQ.story" time="0.767"/>
  <testcase classname="bla.tm.definitions.site.products_and_docs.PD_SDKsDefinition" name="Given open SDKs page" time="5.323"/>
  <testcase classname="bla.tm.definitions.site.products_and_docs.PD_SDKsDefinition" name="Then check general page elements for SDKs Page\u002C where DISQUS = true and LeftMenu = true" time="0.606"/>
  <testcase classname="Scenario: |\/products-and-docs\/sdks\/| Verification for general page\&apos;s elements" name="Scenario: |\/products-and-docs\/sdks\/| Verification for general page\&apos;s elements" time="0.639"/>
  <testcase classname="bla.tm.definitions.site.products_and_docs.PD_SDKsDefinition" name="Given open SDKs page\u200B" time="2.219"/>
  <testcase classname="bla.tm.definitions.site.products_and_docs.PD_SDKsDefinition" name="When check visibility and click &lt;elementKey&gt; element of SDKs page" time="1.285"/>
  <testcase classname="bla.tm.definitions.site.products_and_docs.PD_SDKsDefinition" name="Then check that new page opened from SDKs page has &lt;pageURL&gt; and &lt;pageTitle&gt;" time="1.468"/>
  <testcase classname="bla.tm.definitions.site.products_and_docs.PD_SDKsDefinition" name="Given open SDKs page\u200B\u200B" time="2.487"/>
  <testcase classname="bla.tm.definitions.site.products_and_docs.PD_SDKsDefinition" name="When check visibility and click &lt;elementKey&gt; element of SDKs page\u200B" time="1.412"/>
  <testcase classname="bla.tm.definitions.site.products_and_docs.PD_SDKsDefinition" name="Then check that new page opened from SDKs page has &lt;pageURL&gt; and &lt;pageTitle&gt;\u200B" time="1.361"/>
  <testcase classname="bla.tm.definitions.site.products_and_docs.PD_SDKsDefinition" name="Given open SDKs page\u200B\u200B\u200B" time="5.057"/>
  <testcase classname="bla.tm.definitions.site.products_and_docs.PD_SDKsDefinition" name="When check visibility and click &lt;elementKey&gt; element of SDKs page\u200B\u200B" time="1.592"/>
  <testcase classname="bla.tm.definitions.site.products_and_docs.PD_SDKsDefinition" name="Then check that new page opened from SDKs page has &lt;pageURL&gt; and &lt;pageTitle&gt;\u200B\u200B" time="1.485"/>
  <testcase classname="Scenario: |products-and-docs\/sdks\/| Verification for all the page\&apos;s links" name="Scenario: |products-and-docs\/sdks\/| Verification for all the page\&apos;s links" time="1.485"/>
  <testcase classname="PD_SDKs.story" name="PD_SDKs.story" time="1.486"/>
  <testcase classname="bla.tm.definitions.site.partners.Partners_StartupsDevelopersDefinition" name="Given open Startups and Developers page" time="5.683"/>
  <testcase classname="bla.tm.definitions.site.partners.Partners_StartupsDevelopersDefinition" name="Then check general page elements for Startups and Developers Page\u002C where DISQUS = true and LeftMenu = true" time="1.268"/>
  <testcase classname="Scenario: |\/partners\/startups-and-developers\/| Verification for general page\&apos;s elements" name="Scenario: |\/partners\/startups-and-developers\/| Verification for general page\&apos;s elements" time="1.294"/>
  <testcase classname="Partners_StartupsDevelopers.story" name="Partners_StartupsDevelopers.story" time="1.296"/>
  <testcase classname="bla.tm.definitions.site.products_and_docs.PD_Tutorials_WidgetsDefinition" name="Given open Tutorials Widgets page" time="3.568"/>
  <testcase classname="bla.tm.definitions.site.products_and_docs.PD_Tutorials_WidgetsDefinition" name="Then check general page elements for Tutorials Widgets Page\u002C where DISQUS = false and LeftMenu = true" time="10.389"/>
  <testcase classname="Scenario: |\/products-and-docs\/tutorials\/widgets\/| Verification for general page\&apos;s elements" name="Scenario: |\/products-and-docs\/tutorials\/widgets\/| Verification for general page\&apos;s elements" time="10.421"/>
  <testcase classname="bla.tm.definitions.site.products_and_docs.PD_Tutorials_WidgetsDefinition" name="Given open Tutorials Widgets page\u200B" time="2.258"/>
  <testcase classname="bla.tm.definitions.site.products_and_docs.PD_Tutorials_WidgetsDefinition" name="When check visibility and click &lt;elementKey&gt; element of Tutorials Widgets page" time="0.144"/>
  <testcase classname="bla.tm.definitions.site.products_and_docs.PD_Tutorials_WidgetsDefinition" name="Then check that new page opened from Tutorials Widgets page has &lt;pageURL&gt; and &lt;pageTitle&gt;" time="1.476"/>
  <testcase classname="bla.tm.definitions.site.products_and_docs.PD_Tutorials_WidgetsDefinition" name="Given open Tutorials Widgets page\u200B\u200B" time="1.462"/>
  <testcase classname="bla.tm.definitions.site.products_and_docs.PD_Tutorials_WidgetsDefinition" name="When check visibility and click &lt;elementKey&gt; element of Tutorials Widgets page\u200B" time="0.199"/>
  <testcase classname="bla.tm.definitions.site.products_and_docs.PD_Tutorials_WidgetsDefinition" name="Then check that new page opened from Tutorials Widgets page has &lt;pageURL&gt; and &lt;pageTitle&gt;\u200B" time="1.774"/>
  <testcase classname="bla.tm.definitions.site.products_and_docs.PD_Tutorials_WidgetsDefinition" name="Given open Tutorials Widgets page\u200B\u200B\u200B" time="0.767"/>
  <testcase classname="bla.tm.definitions.site.products_and_docs.PD_Tutorials_WidgetsDefinition" name="When check visibility and click &lt;elementKey&gt; element of Tutorials Widgets page\u200B\u200B" time="0.183"/>
  <testcase classname="bla.tm.definitions.site.products_and_docs.PD_Tutorials_WidgetsDefinition" name="Then check that new page opened from Tutorials Widgets page has &lt;pageURL&gt; and &lt;pageTitle&gt;\u200B\u200B" time="2.018"/>
  <testcase classname="Scenario: |\/products-and-docs\/tutorials\/widgets\/| Verification for all the page\&apos;s links" name="Scenario: |\/products-and-docs\/tutorials\/widgets\/| Verification for all the page\&apos;s links" time="2.018"/>
  <testcase classname="PD_Tutorials_Widgets.story" name="PD_Tutorials_Widgets.story" time="2.019"/>
  <testcase classname="bla.tm.definitions.site.products_and_docs.PD_PublishAPIDefinition" name="Given open Publish API page\u200B" time="4.074"/>
  <testcase classname="bla.tm.definitions.site.products_and_docs.PD_PublishAPIDefinition" name="Then check general page elements for Publish API Page\u002C where DISQUS = true and LeftMenu = true" time="0.851"/>
  <testcase classname="Scenario: |\/products-and-docs\/apis\/publish\/| Verification for general page\&apos;s elements" name="Scenario: |\/products-and-docs\/apis\/publish\/| Verification for general page\&apos;s elements" time="0.888"/>
  <testcase classname="PD_PublishAPI.story" name="PD_PublishAPI.story" time="0.893"/>
  <testcase classname="bla.tm.definitions.site.support.SupportDefinition" name="Given open Support page" time="3.748"/>
  <testcase classname="bla.tm.definitions.site.support.SupportDefinition" name="Then check general page elements for Support Page\u002C where DISQUS = true and LeftMenu = true" time="0.78"/>
  <testcase classname="Scenario: |\/support\/| Verification for general page\&apos;s elements" name="Scenario: |\/support\/| Verification for general page\&apos;s elements" time="0.86"/>
  <testcase classname="Support.story" name="Support.story" time="0.861"/>
  <testcase classname="bla.tm.definitions.site.products_and_docs.PD_Tutorials_WidgetsDefinition" name="Given open Tutorials Widgets page\u200B\u200B\u200B\u200B" time="2.46"/>
  <testcase classname="bla.tm.definitions.site.products_and_docs.PD_Tutorials_WidgetsDefinition" name="And Feedback widget is not shown" time="0.571"/>
  <testcase classname="bla.tm.definitions.site.products_and_docs.PD_Tutorials_WidgetsDefinition" name="When click Feedback button of Tutorials Widgets page" time="0.122"/>
  <testcase classname="bla.tm.definitions.site.products_and_docs.PD_Tutorials_WidgetsDefinition" name="Then Feedback widget elements are shown" time="0.862"/>
  <testcase classname="Scenario: |feedback widget| Check that Feedback widget Elements are shown" name="Scenario: |feedback widget| Check that Feedback widget Elements are shown" time="0.887"/>
  <testcase classname="bla.tm.definitions.site.products_and_docs.PD_Tutorials_WidgetsDefinition" name="Given open Tutorials Widgets page\u200B\u200B\u200B\u200B\u200B" time="0.515"/>
  <testcase classname="bla.tm.definitions.site.products_and_docs.PD_Tutorials_WidgetsDefinition" name="When click Feedback button of Tutorials Widgets page\u200B" time="0.089"/>
  <testcase classname="bla.tm.definitions.site.products_and_docs.PD_Tutorials_WidgetsDefinition" name="Then click close button of Feedback widget" time="0.471"/>
  <testcase classname="bla.tm.definitions.site.products_and_docs.PD_Tutorials_WidgetsDefinition" name="And Feedback widget is not shown\u200B" time="0.53"/>
  <testcase classname="Scenario: |feedback widget| Feedback widget Close button" name="Scenario: |feedback widget| Feedback widget Close button" time="0.56"/>
  <testcase classname="bla.tm.definitions.site.products_and_docs.PD_Tutorials_WidgetsDefinition" name="Given open Tutorials Widgets page\u200B\u200B\u200B\u200B\u200B\u200B" time="0.613"/>
  <testcase classname="bla.tm.definitions.site.products_and_docs.PD_Tutorials_WidgetsDefinition" name="And click Feedback button of Tutorials Widgets page" time="0.106"/>
  <testcase classname="bla.tm.definitions.site.products_and_docs.PD_Tutorials_WidgetsDefinition" name="When all fields except Name are populated" time="0.448"/>
  <testcase classname="bla.tm.definitions.site.products_and_docs.PD_Tutorials_WidgetsDefinition" name="And click send button of Feedback widget" time="0.103"/>
  <testcase classname="bla.tm.definitions.site.products_and_docs.PD_Tutorials_WidgetsDefinition" name="Then error notification is shown for Feedback widget" time="0.038"/>
  <testcase classname="Scenario: |feedback widget| Feedback widget error notifications for NAME field" name="Scenario: |feedback widget| Feedback widget error notifications for NAME field" time="0.067"/>
  <testcase classname="bla.tm.definitions.site.products_and_docs.PD_Tutorials_WidgetsDefinition" name="Given open Tutorials Widgets page\u200B\u200B\u200B\u200B\u200B\u200B\u200B" time="1.887"/>
  <testcase classname="bla.tm.definitions.site.products_and_docs.PD_Tutorials_WidgetsDefinition" name="And click Feedback button of Tutorials Widgets page\u200B" time="0.11"/>
  <testcase classname="bla.tm.definitions.site.products_and_docs.PD_Tutorials_WidgetsDefinition" name="When all fields except Email are populated" time="0.457"/>
  <testcase classname="bla.tm.definitions.site.products_and_docs.PD_Tutorials_WidgetsDefinition" name="And click send button of Feedback widget\u200B" time="0.113"/>
  <testcase classname="bla.tm.definitions.site.products_and_docs.PD_Tutorials_WidgetsDefinition" name="Then error notification is shown for Feedback widget\u200B" time="0.03"/>
  <testcase classname="Scenario: |feedback widget| Feedback widget error notifications for Email field" name="Scenario: |feedback widget| Feedback widget error notifications for Email field" time="0.057"/>
  <testcase classname="FeedbackWidget.story" name="FeedbackWidget.story" time="0.058"/>
  <testcase classname="bla.tm.definitions.site.products_and_docs.PD_TutorialsDefinition" name="Given open Tutorials page" time="2.781"/>
  <testcase classname="bla.tm.definitions.site.products_and_docs.PD_TutorialsDefinition" name="Then check general page elements for Tutorials Page\u002C where DISQUS = false and LeftMenu = true" time="10.337"/>
  <testcase classname="Scenario: |\/products-and-docs\/tutorials\/| Verification for general page\&apos;s elements" name="Scenario: |\/products-and-docs\/tutorials\/| Verification for general page\&apos;s elements" time="10.37"/>
  <testcase classname="bla.tm.definitions.site.products_and_docs.PD_TutorialsDefinition" name="Given open Tutorials page\u200B" time="0.778"/>
  <testcase classname="bla.tm.definitions.site.products_and_docs.PD_TutorialsDefinition" name="When check visibility and click &lt;elementKey&gt; element of Tutorials page" time="0.719"/>
  <testcase classname="bla.tm.definitions.site.products_and_docs.PD_TutorialsDefinition" name="Then check that new page opened from Tutorials page has &lt;pageURL&gt; and &lt;pageTitle&gt;" time="1.473"/>
  <testcase classname="bla.tm.definitions.site.products_and_docs.PD_TutorialsDefinition" name="Given open Tutorials page\u200B\u200B" time="1.298"/>
  <testcase classname="bla.tm.definitions.site.products_and_docs.PD_TutorialsDefinition" name="When check visibility and click &lt;elementKey&gt; element of Tutorials page\u200B" time="0.678"/>
  <testcase classname="bla.tm.definitions.site.products_and_docs.PD_TutorialsDefinition" name="Then check that new page opened from Tutorials page has &lt;pageURL&gt; and &lt;pageTitle&gt;\u200B" time="1.527"/>
  <testcase classname="bla.tm.definitions.site.products_and_docs.PD_TutorialsDefinition" name="Given open Tutorials page\u200B\u200B\u200B" time="0.658"/>
  <testcase classname="bla.tm.definitions.site.products_and_docs.PD_TutorialsDefinition" name="When check visibility and click &lt;elementKey&gt; element of Tutorials page\u200B\u200B" time="0.872"/>
  <testcase classname="bla.tm.definitions.site.products_and_docs.PD_TutorialsDefinition" name="Then check that new page opened from Tutorials page has &lt;pageURL&gt; and &lt;pageTitle&gt;\u200B\u200B" time="1.362"/>
  <testcase classname="bla.tm.definitions.site.products_and_docs.PD_TutorialsDefinition" name="Given open Tutorials page\u200B\u200B\u200B\u200B" time="1.715"/>
  <testcase classname="bla.tm.definitions.site.products_and_docs.PD_TutorialsDefinition" name="When check visibility and click &lt;elementKey&gt; element of Tutorials page\u200B\u200B\u200B" time="1.005"/>
  <testcase classname="bla.tm.definitions.site.products_and_docs.PD_TutorialsDefinition" name="Then check that new page opened from Tutorials page has &lt;pageURL&gt; and &lt;pageTitle&gt;\u200B\u200B\u200B" time="2"/>
  <testcase classname="bla.tm.definitions.site.products_and_docs.PD_TutorialsDefinition" name="Given open Tutorials page\u200B\u200B\u200B\u200B\u200B" time="1.005"/>
  <testcase classname="bla.tm.definitions.site.products_and_docs.PD_TutorialsDefinition" name="When check visibility and click &lt;elementKey&gt; element of Tutorials page\u200B\u200B\u200B\u200B" time="0.852"/>
  <testcase classname="bla.tm.definitions.site.products_and_docs.PD_TutorialsDefinition" name="Then check that new page opened from Tutorials page has &lt;pageURL&gt; and &lt;pageTitle&gt;\u200B\u200B\u200B\u200B" time="1.094"/>
  <testcase classname="bla.tm.definitions.site.products_and_docs.PD_TutorialsDefinition" name="Given open Tutorials page\u200B\u200B\u200B\u200B\u200B\u200B" time="1.208"/>
  <testcase classname="bla.tm.definitions.site.products_and_docs.PD_TutorialsDefinition" name="When check visibility and click &lt;elementKey&gt; element of Tutorials page\u200B\u200B\u200B\u200B\u200B" time="0.783"/>
  <testcase classname="bla.tm.definitions.site.products_and_docs.PD_TutorialsDefinition" name="Then check that new page opened from Tutorials page has &lt;pageURL&gt; and &lt;pageTitle&gt;\u200B\u200B\u200B\u200B\u200B" time="2.33"/>
  <testcase classname="bla.tm.definitions.site.products_and_docs.PD_TutorialsDefinition" name="Given open Tutorials page\u200B\u200B\u200B\u200B\u200B\u200B\u200B" time="1.076"/>
  <testcase classname="bla.tm.definitions.site.products_and_docs.PD_TutorialsDefinition" name="When check visibility and click &lt;elementKey&gt; element of Tutorials page\u200B\u200B\u200B\u200B\u200B\u200B" time="0.875"/>
  <testcase classname="bla.tm.definitions.site.products_and_docs.PD_TutorialsDefinition" name="Then check that new page opened from Tutorials page has &lt;pageURL&gt; and &lt;pageTitle&gt;\u200B\u200B\u200B\u200B\u200B\u200B" time="2.421"/>
  <testcase classname="bla.tm.definitions.site.products_and_docs.PD_TutorialsDefinition" name="Given open Tutorials page\u200B\u200B\u200B\u200B\u200B\u200B\u200B\u200B" time="1.56"/>
  <testcase classname="bla.tm.definitions.site.products_and_docs.PD_TutorialsDefinition" name="When check visibility and click &lt;elementKey&gt; element of Tutorials page\u200B\u200B\u200B\u200B\u200B\u200B\u200B" time="3.268"/>
  <testcase classname="bla.tm.definitions.site.products_and_docs.PD_TutorialsDefinition" name="Then check that new page opened from Tutorials page has &lt;pageURL&gt; and &lt;pageTitle&gt;\u200B\u200B\u200B\u200B\u200B\u200B\u200B" time="0.26"/>
  <testcase classname="bla.tm.definitions.site.products_and_docs.PD_TutorialsDefinition" name="Given open Tutorials page\u200B\u200B\u200B\u200B\u200B\u200B\u200B\u200B\u200B" time="1.065"/>
  <testcase classname="bla.tm.definitions.site.products_and_docs.PD_TutorialsDefinition" name="When check visibility and click &lt;elementKey&gt; element of Tutorials page\u200B\u200B\u200B\u200B\u200B\u200B\u200B\u200B" time="1.997"/>
  <testcase classname="bla.tm.definitions.site.products_and_docs.PD_TutorialsDefinition" name="Then check that new page opened from Tutorials page has &lt;pageURL&gt; and &lt;pageTitle&gt;\u200B\u200B\u200B\u200B\u200B\u200B\u200B\u200B" time="1.209"/>
  <testcase classname="Scenario: |\/products-and-docs\/tutorials\/| Verification for all the page\&apos;s links" name="Scenario: |\/products-and-docs\/tutorials\/| Verification for all the page\&apos;s links" time="1.209"/>
  <testcase classname="PD_Tutorials.story" name="PD_Tutorials.story" time="1.21"/>
  <testcase classname="bla.tm.definitions.site.products_and_docs.PD_Widget_CountdownDefinition" name="Given open Countdown Widget page\u200B\u200B\u200B" time="4.276"/>
  <testcase classname="bla.tm.definitions.site.widgets.CountdownWidgetDefinition" name="Then the required fields are not empty on the Countdown Widget page" time="0.494"/>
  <testcase classname="Scenario: |\/products-and-docs\/widgets\/countdown\/| TECHNICAL TAB - Check that required fields are not empty" name="Scenario: |\/products-and-docs\/widgets\/countdown\/| TECHNICAL TAB - Check that required fields are not empty" time="0.543"/>
  <testcase classname="bla.tm.definitions.site.products_and_docs.PD_Widget_CountdownDefinition" name="Given open Countdown Widget page\u200B\u200B\u200B\u200B" time="2.023"/>
  <testcase classname="bla.tm.definitions.site.widgets.CountdownWidgetDefinition" name="And store ApiKey and EventId on Countdown Widget page" time="0.262"/>
  <testcase classname="bla.tm.definitions.site.widgets.CountdownWidgetDefinition" name="When click on \&quot;Get code\&quot; button\u200B" time="0.955"/>
  <testcase classname="bla.tm.definitions.site.widgets.CountdownWidgetDefinition" name="Then the pop-up Embedded Code is opened\u200B\u200B" time="2.444"/>
  <testcase classname="bla.tm.definitions.site.widgets.CountdownWidgetDefinition" name="And embedded html code contains stored ApiKey and EventId" time="0.687"/>
  <testcase classname="Scenario: |\/products-and-docs\/widgets\/countdown\/| TECHNICAL TAB - Verification of default embed code" name="Scenario: |\/products-and-docs\/widgets\/countdown\/| TECHNICAL TAB - Verification of default embed code" time="0.733"/>
  <testcase classname="bla.tm.definitions.site.products_and_docs.PD_Widget_CountdownDefinition" name="Given open Countdown Widget page\u200B\u200B\u200B\u200B\u200B" time="2.178"/>
  <testcase classname="bla.tm.definitions.site.widgets.CountdownWidgetDefinition" name="And change value for ApiKey and EventId on Countdown Widget page" time="0.916"/>
  <testcase classname="bla.tm.definitions.site.widgets.CountdownWidgetDefinition" name="And store ApiKey and EventId on Countdown Widget page\u200B" time="0.191"/>
  <testcase classname="bla.tm.definitions.site.widgets.CountdownWidgetDefinition" name="When click on \&quot;Get code\&quot; button\u200B\u200B" time="0.799"/>
  <testcase classname="bla.tm.definitions.site.widgets.CountdownWidgetDefinition" name="Then the pop-up Embedded Code is opened\u200B\u200B\u200B" time="2.405"/>
  <testcase classname="bla.tm.definitions.site.widgets.CountdownWidgetDefinition" name="And embedded html code contains stored ApiKey and EventId\u200B" time="0.384"/>
  <testcase classname="Scenario: |\/products-and-docs\/widgets\/countdown\/| TECHNICAL TAB - Check that embed code functionality works properly" name="Scenario: |\/products-and-docs\/widgets\/countdown\/| TECHNICAL TAB - Check that embed code functionality works properly" time="0.424"/>
  <testcase classname="bla.tm.definitions.site.products_and_docs.PD_Widget_CountdownDefinition" name="Given open Countdown Widget page\u200B\u200B\u200B\u200B\u200B\u200B" time="2.095"/>
[...]
  <testcase classname="Scenario: |\/products-and-docs\/widgets\/event-discovery\/| TECHNICAL TAB - Check boundary values of EVENT COUNT" name="Scenario: |\/products-and-docs\/widgets\/event-discovery\/| TECHNICAL TAB - Check boundary values of EVENT COUNT" time="0.27"/>
  <testcase classname="bla.tm.definitions.site.products_and_docs.PD_Widget_EventDiscoveryDefinition" name="Given open Event Discovery Widget page\u200B\u200B\u200B\u200B\u200B\u200B\u200B\u200B\u200B\u200B\u200B\u200B\u200B\u200B\u200B" time="2.626"/>
  <testcase classname="bla.tm.definitions.site.widgets.EventDiscoveryWidgetDefinition" name="And change value of ZipCode 90015 on Event Discovery Widget Page" time="0.906"/>
  <testcase classname="bla.tm.definitions.site.widgets.EventDiscoveryWidgetDefinition" name="When set Radius &lt;setValue&gt; on Event Discovery Widget page" time="0.928"/>
  <testcase classname="bla.tm.definitions.site.widgets.EventDiscoveryWidgetDefinition" name="Then Radius value is &lt;actualValue&gt; on Event Discovery Widget page" time="0.181"/>
  <testcase classname="bla.tm.definitions.site.products_and_docs.PD_Widget_EventDiscoveryDefinition" name="Given open Event Discovery Widget page\u200B\u200B\u200B\u200B\u200B\u200B\u200B\u200B\u200B\u200B\u200B\u200B\u200B\u200B\u200B\u200B" time="2.948"/>
  <testcase classname="bla.tm.definitions.site.widgets.EventDiscoveryWidgetDefinition" name="And change value of ZipCode 90015 on Event Discovery Widget Page\u200B" time="0.773"/>
  <testcase classname="bla.tm.definitions.site.widgets.EventDiscoveryWidgetDefinition" name="When set Radius &lt;setValue&gt; on Event Discovery Widget page\u200B" time="0.26"/>
  <testcase classname="bla.tm.definitions.site.widgets.EventDiscoveryWidgetDefinition" name="Then Radius value is &lt;actualValue&gt; on Event Discovery Widget page\u200B" time="0.128"/>
  <testcase classname="bla.tm.definitions.site.products_and_docs.PD_Widget_EventDiscoveryDefinition" name="Given open Event Discovery Widget page\u200B\u200B\u200B\u200B\u200B\u200B\u200B\u200B\u200B\u200B\u200B\u200B\u200B\u200B\u200B\u200B\u200B" time="2.722"/>
  <testcase classname="bla.tm.definitions.site.widgets.EventDiscoveryWidgetDefinition" name="And change value of ZipCode 90015 on Event Discovery Widget Page\u200B\u200B" time="0.944"/>
  <testcase classname="bla.tm.definitions.site.widgets.EventDiscoveryWidgetDefinition" name="When set Radius &lt;setValue&gt; on Event Discovery Widget page\u200B\u200B" time="0.273"/>
  <testcase classname="bla.tm.definitions.site.widgets.EventDiscoveryWidgetDefinition" name="Then Radius value is &lt;actualValue&gt; on Event Discovery Widget page\u200B\u200B" time="0.104"/>
  <testcase classname="bla.tm.definitions.site.products_and_docs.PD_Widget_EventDiscoveryDefinition" name="Given open Event Discovery Widget page\u200B\u200B\u200B\u200B\u200B\u200B\u200B\u200B\u200B\u200B\u200B\u200B\u200B\u200B\u200B\u200B\u200B\u200B" time="2.423"/>
  <testcase classname="bla.tm.definitions.site.widgets.EventDiscoveryWidgetDefinition" name="And change value of ZipCode 90015 on Event Discovery Widget Page\u200B\u200B\u200B" time="1.205"/>
  <testcase classname="bla.tm.definitions.site.widgets.EventDiscoveryWidgetDefinition" name="When set Radius &lt;setValue&gt; on Event Discovery Widget page\u200B\u200B\u200B" time="0.286"/>
  <testcase classname="bla.tm.definitions.site.widgets.EventDiscoveryWidgetDefinition" name="Then Radius value is &lt;actualValue&gt; on Event Discovery Widget page\u200B\u200B\u200B" time="0.113"/>
  <testcase classname="Scenario: |\/products-and-docs\/widgets\/event-discovery\/| TECHNICAL TAB - Check boundary values of RADIUS" name="Scenario: |\/products-and-docs\/widgets\/event-discovery\/| TECHNICAL TAB - Check boundary values of RADIUS" time="0.113"/>
  <testcase classname="bla.tm.definitions.site.products_and_docs.PD_Widget_EventDiscoveryDefinition" name="Given open Event Discovery Widget page\u200B\u200B\u200B\u200B\u200B\u200B\u200B\u200B\u200B\u200B\u200B\u200B\u200B\u200B\u200B\u200B\u200B\u200B\u200B" time="2.713"/>
  <testcase classname="bla.tm.definitions.site.widgets.EventDiscoveryWidgetDefinition" name="And store all fields values on the Event Discovery Widget page\u200B" time="1.117"/>
  <testcase classname="bla.tm.definitions.site.widgets.EventDiscoveryWidgetDefinition" name="And change values for all possible fields on the Event Discovery Widget page\u200B" time="8.992"/>
  <testcase classname="bla.tm.definitions.site.widgets.CountdownWidgetDefinition" name="When click reset button\u200B" time="1.927"/>
  <testcase classname="bla.tm.definitions.site.widgets.EventDiscoveryWidgetDefinition" name="Then all fields have been reseted to defaults on the Event Discovery Widget page" time="0.763"/>
  <testcase classname="Scenario: |\/products-and-docs\/widgets\/event-discovery\/| TECHNICAL TAB - Check that RESET button works properly" name="Scenario: |\/products-and-docs\/widgets\/event-discovery\/| TECHNICAL TAB - Check that RESET button works properly" time="0.808"/>
  <testcase classname="bla.tm.definitions.site.products_and_docs.PD_Widget_EventDiscoveryDefinition" name="Given open Event Discovery Widget page\u200B\u200B\u200B\u200B\u200B\u200B\u200B\u200B\u200B\u200B\u200B\u200B\u200B\u200B\u200B\u200B\u200B\u200B\u200B\u200B" time="4.29"/>
  <testcase classname="bla.tm.definitions.site.widgets.CountdownWidgetDefinition" name="When I click on the \&apos;Get your own\&apos; link to get api key\u200B\u200B" time="0.342"/>
  <testcase classname="bla.tm.definitions.site.widgets.CountdownWidgetDefinition" name="Then The page is opened with url https:\/\/developer-acct.ticketmaster.com\u200B\u200B" time="1.043"/>
  <testcase classname="Scenario: |\/products-and-docs\/widgets\/event-discovery\/| TECHNICAL TAB - Check links" name="Scenario: |\/products-and-docs\/widgets\/event-discovery\/| TECHNICAL TAB - Check links" time="1.134"/>
  <testcase classname="bla.tm.definitions.site.products_and_docs.PD_Widget_EventDiscoveryDefinition" name="Given open Event Discovery Widget page\u200B\u200B\u200B\u200B\u200B\u200B\u200B\u200B\u200B\u200B\u200B\u200B\u200B\u200B\u200B\u200B\u200B\u200B\u200B\u200B\u200B" time="2.791"/>
  <testcase classname="bla.tm.definitions.site.widgets.CountdownWidgetDefinition" name="And switch to VISUAL Tab\u200B\u200B\u200B\u200B\u200B\u200B" time="1.358"/>
  <testcase classname="bla.tm.definitions.site.widgets.CountdownWidgetDefinition" name="And set theme to poster\u200B\u200B\u200B\u200B\u200B" time="0.482"/>
  <testcase classname="bla.tm.definitions.site.widgets.CountdownWidgetDefinition" name="And set layout resolution to &lt;layoutResolution&gt;\u200B\u200B\u200B" time="0.876"/>
  <testcase classname="bla.tm.definitions.site.widgets.CountdownWidgetDefinition" name="When click on \&quot;Get code\&quot; button\u200B\u200B\u200B\u200B\u200B\u200B\u200B\u200B\u200B\u200B" time="1.085"/>
  <testcase classname="bla.tm.definitions.site.widgets.CountdownWidgetDefinition" name="Then the pop-up Embedded Code is opened\u200B\u200B\u200B\u200B\u200B\u200B\u200B\u200B\u200B\u200B\u200B\u200B" time="2.268"/>
  <testcase classname="bla.tm.definitions.site.widgets.CountdownWidgetDefinition" name="And embedded html code contains stored layout resolution\u200B\u200B\u200B" time="0.282"/>
  <testcase classname="bla.tm.definitions.site.products_and_docs.PD_Widget_EventDiscoveryDefinition" name="Given open Event Discovery Widget page\u200B\u200B\u200B\u200B\u200B\u200B\u200B\u200B\u200B\u200B\u200B\u200B\u200B\u200B\u200B\u200B\u200B\u200B\u200B\u200B\u200B\u200B" time="2.478"/>
  <testcase classname="bla.tm.definitions.site.widgets.CountdownWidgetDefinition" name="And switch to VISUAL Tab\u200B\u200B\u200B\u200B\u200B\u200B\u200B" time="0.997"/>
  <testcase classname="bla.tm.definitions.site.widgets.CountdownWidgetDefinition" name="And set theme to poster\u200B\u200B\u200B\u200B\u200B\u200B" time="0.233"/>
  <testcase classname="bla.tm.definitions.site.widgets.CountdownWidgetDefinition" name="And set layout resolution to &lt;layoutResolution&gt;\u200B\u200B\u200B\u200B" time="0.73"/>
  <testcase classname="bla.tm.definitions.site.widgets.CountdownWidgetDefinition" name="When click on \&quot;Get code\&quot; button\u200B\u200B\u200B\u200B\u200B\u200B\u200B\u200B\u200B\u200B\u200B" time="1.498"/>
  <testcase classname="bla.tm.definitions.site.widgets.CountdownWidgetDefinition" name="Then the pop-up Embedded Code is opened\u200B\u200B\u200B\u200B\u200B\u200B\u200B\u200B\u200B\u200B\u200B\u200B\u200B" time="2.387"/>
  <testcase classname="bla.tm.definitions.site.widgets.CountdownWidgetDefinition" name="And embedded html code contains stored layout resolution\u200B\u200B\u200B\u200B" time="0.312"/>
  <testcase classname="bla.tm.definitions.site.products_and_docs.PD_Widget_EventDiscoveryDefinition" name="Given open Event Discovery Widget page\u200B\u200B\u200B\u200B\u200B\u200B\u200B\u200B\u200B\u200B\u200B\u200B\u200B\u200B\u200B\u200B\u200B\u200B\u200B\u200B\u200B\u200B\u200B" time="3.027"/>
  <testcase classname="bla.tm.definitions.site.widgets.CountdownWidgetDefinition" name="And switch to VISUAL Tab\u200B\u200B\u200B\u200B\u200B\u200B\u200B\u200B" time="0.798"/>
  <testcase classname="bla.tm.definitions.site.widgets.CountdownWidgetDefinition" name="And set theme to poster\u200B\u200B\u200B\u200B\u200B\u200B\u200B" time="0.319"/>
  <testcase classname="bla.tm.definitions.site.widgets.CountdownWidgetDefinition" name="And set layout resolution to &lt;layoutResolution&gt;\u200B\u200B\u200B\u200B\u200B" time="0.782"/>
  <testcase classname="bla.tm.definitions.site.widgets.CountdownWidgetDefinition" name="When click on \&quot;Get code\&quot; button\u200B\u200B\u200B\u200B\u200B\u200B\u200B\u200B\u200B\u200B\u200B\u200B" time="1.159"/>
  <testcase classname="bla.tm.definitions.site.widgets.CountdownWidgetDefinition" name="Then the pop-up Embedded Code is opened\u200B\u200B\u200B\u200B\u200B\u200B\u200B\u200B\u200B\u200B\u200B\u200B\u200B\u200B" time="2.165"/>
  <testcase classname="bla.tm.definitions.site.widgets.CountdownWidgetDefinition" name="And embedded html code contains stored layout resolution\u200B\u200B\u200B\u200B\u200B" time="0.089"/>
  <testcase classname="Scenario: |\/products-and-docs\/widgets\/event-discovery\/| VISUAL TAB - Check Layout Resolutions" name="Scenario: |\/products-and-docs\/widgets\/event-discovery\/| VISUAL TAB - Check Layout Resolutions" time="0.089"/>
  <testcase classname="bla.tm.definitions.site.products_and_docs.PD_Widget_EventDiscoveryDefinition" name="Given open Event Discovery Widget page\u200B\u200B\u200B\u200B\u200B\u200B\u200B\u200B\u200B\u200B\u200B\u200B\u200B\u200B\u200B\u200B\u200B\u200B\u200B\u200B\u200B\u200B\u200B\u200B" time="3.493"/>
  <testcase classname="bla.tm.definitions.site.widgets.CountdownWidgetDefinition" name="And switch to VISUAL Tab\u200B\u200B\u200B\u200B\u200B\u200B\u200B\u200B\u200B" time="1.158"/>
  <testcase classname="bla.tm.definitions.site.widgets.CountdownWidgetDefinition" name="And set theme to poster\u200B\u200B\u200B\u200B\u200B\u200B\u200B\u200B" time="0.284"/>
  <testcase classname="bla.tm.definitions.site.widgets.CountdownWidgetDefinition" name="And set layout orientation to &lt;orientation&gt;\u200B\u200B" time="0.923"/>
  <testcase classname="bla.tm.definitions.site.widgets.CountdownWidgetDefinition" name="When click on \&quot;Get code\&quot; button\u200B\u200B\u200B\u200B\u200B\u200B\u200B\u200B\u200B\u200B\u200B\u200B\u200B" time="1.5"/>
  <testcase classname="bla.tm.definitions.site.widgets.CountdownWidgetDefinition" name="Then the pop-up Embedded Code is opened\u200B\u200B\u200B\u200B\u200B\u200B\u200B\u200B\u200B\u200B\u200B\u200B\u200B\u200B\u200B" time="2.524"/>
  <testcase classname="bla.tm.definitions.site.widgets.CountdownWidgetDefinition" name="And embedded html code contains stored layout orientation\u200B\u200B" time="0.17"/>
  <testcase classname="bla.tm.definitions.site.products_and_docs.PD_Widget_EventDiscoveryDefinition" name="Given open Event Discovery Widget page\u200B\u200B\u200B\u200B\u200B\u200B\u200B\u200B\u200B\u200B\u200B\u200B\u200B\u200B\u200B\u200B\u200B\u200B\u200B\u200B\u200B\u200B\u200B\u200B\u200B" time="3.617"/>
  <testcase classname="bla.tm.definitions.site.widgets.CountdownWidgetDefinition" name="And switch to VISUAL Tab\u200B\u200B\u200B\u200B\u200B\u200B\u200B\u200B\u200B\u200B" time="0.984"/>
  <testcase classname="bla.tm.definitions.site.widgets.CountdownWidgetDefinition" name="And set theme to poster\u200B\u200B\u200B\u200B\u200B\u200B\u200B\u200B\u200B" time="0.377"/>
  <testcase classname="bla.tm.definitions.site.widgets.CountdownWidgetDefinition" name="And set layout orientation to &lt;orientation&gt;\u200B\u200B\u200B" time="0.901"/>
  <testcase classname="bla.tm.definitions.site.widgets.CountdownWidgetDefinition" name="When click on \&quot;Get code\&quot; button\u200B\u200B\u200B\u200B\u200B\u200B\u200B\u200B\u200B\u200B\u200B\u200B\u200B\u200B" time="1.347"/>
  <testcase classname="bla.tm.definitions.site.widgets.CountdownWidgetDefinition" name="Then the pop-up Embedded Code is opened\u200B\u200B\u200B\u200B\u200B\u200B\u200B\u200B\u200B\u200B\u200B\u200B\u200B\u200B\u200B\u200B" time="2.241"/>
  <testcase classname="bla.tm.definitions.site.widgets.CountdownWidgetDefinition" name="And embedded html code contains stored layout orientation\u200B\u200B\u200B" time="0.112"/>
  <testcase classname="Scenario: |\/products-and-docs\/widgets\/event-discovery\/| VISUAL TAB - Check Layout Orientations" name="Scenario: |\/products-and-docs\/widgets\/event-discovery\/| VISUAL TAB - Check Layout Orientations" time="0.113"/>
  <testcase classname="bla.tm.definitions.site.products_and_docs.PD_Widget_EventDiscoveryDefinition" name="Given open Event Discovery Widget page\u200B\u200B\u200B\u200B\u200B\u200B\u200B\u200B\u200B\u200B\u200B\u200B\u200B\u200B\u200B\u200B\u200B\u200B\u200B\u200B\u200B\u200B\u200B\u200B\u200B\u200B" time="3.375"/>
  <testcase classname="bla.tm.definitions.site.widgets.EventDiscoveryWidgetDefinition" name="When search events by keyword ABRAKADABRA on Event Discovery Widget page" time="0.355"/>
  <testcase classname="bla.tm.definitions.site.widgets.CountdownWidgetDefinition" name="Then the event message is shown \&quot;Here other options for you.\&quot;" time="0.712"/>
  <testcase classname="Scenario: |\/products-and-docs\/widgets\/event-discovery\/| Event message - Check event message for invalid Keyword" name="Scenario: |\/products-and-docs\/widgets\/event-discovery\/| Event message - Check event message for invalid Keyword" time="0.81"/>
  <testcase classname="EventDiscoveryWidget.story" name="EventDiscoveryWidget.story" time="0.811"/>
  <testcase classname="bla.tm.definitions.site.HomePageDefinition" name="Given open Home page\u200B\u200B\u200B\u200B\u200B\u200B\u200B\u200B\u200B\u200B\u200B\u200B\u200B\u200B\u200B\u200B\u200B\u200B\u200B\u200B" time="3.154"/>
  <testcase classname="bla.tm.definitions.site.HomePageDefinition" name="When navigate to Pantheon LogIn page from Home page\u200B\u200B\u200B" time="1.244"/>
  <testcase classname="bla.tm.definitions.site.pantheon.UserLogInDefinition" name="When navigate to Pantheon Request New Password page from LogIn page" time="0.598"/>
  <testcase classname="bla.tm.definitions.site.pantheon.RequestNewPasswordDefinition" name="Then check general page elements for Pantheon Request New Password page" time="20.485"/>
  <testcase classname="Scenario: |developer-acct.ticketmaster.com\/user\/password| Verification for general page\&apos;s elements" name="Scenario: |developer-acct.ticketmaster.com\/user\/password| Verification for general page\&apos;s elements" time="20.513"/>
  <testcase classname="RequestNewPassword.story" name="RequestNewPassword.story" time="20.514"/>
  <testcase classname="bla.tm.definitions.site.HomePageDefinition" name="Given open Home page\u200B\u200B\u200B\u200B\u200B\u200B\u200B\u200B\u200B\u200B\u200B\u200B\u200B\u200B\u200B\u200B\u200B\u200B\u200B\u200B\u200B" time="3.495"/>
  <testcase classname="bla.tm.definitions.site.HomePageDefinition" name="When navigate to Pantheon LogIn page from Home page\u200B\u200B\u200B\u200B" time="1.36"/>
  <testcase classname="bla.tm.definitions.site.pantheon.UserLogInDefinition" name="When navigate to Pantheon User Account page from LogIn page\u200B" time="6.865"/>
  <testcase classname="bla.tm.definitions.site.pantheon.UserAccountDefinition" name="Then check general page elements for Pantheon User Account page" time="20.331"/>
  <testcase classname="Scenario: |developer-acct.ticketmaster.com\/user\/1554\/apps| Verification for general page\&apos;s elements [Login - Password field - enter valid password]" name="Scenario: |developer-acct.ticketmaster.com\/user\/1554\/apps| Verification for general page\&apos;s elements [Login - Password field - enter valid password]" time="20.373"/>
  <testcase classname="UserAccount.story" name="UserAccount.story" time="20.374"/>
  <testcase classname="bla.tm.definitions.site.products_and_docs.PD_DiscoveryAPIv2Definition" name="Given open Discovery API v2 page\u200B\u200B" time="9.519"/>
  <testcase classname="bla.tm.definitions.site.products_and_docs.PD_DiscoveryAPIv2Definition" name="Then check general page elements for Discovery API v2 Page\u002C where DISQUS = true and LeftMenu = true" time="1.432"/>
  <testcase classname="Scenario: |\/products-and-docs\/apis\/discovery\/v2\/| Verification for general page\&apos;s elements" name="Scenario: |\/products-and-docs\/apis\/discovery\/v2\/| Verification for general page\&apos;s elements" time="1.482"/>
  <testcase classname="PD_DiscoveryAPIV2.story" name="PD_DiscoveryAPIV2.story" time="1.489"/>
  <testcase classname="bla.tm.definitions.site.products_and_docs.PD_Definition" name="Given open Products and Docs page" time="3.054"/>
  <testcase classname="bla.tm.definitions.site.products_and_docs.PD_Definition" name="Then check general page elements for Products and Docs Page\u002C where DISQUS = false and LeftMenu = false" time="40.593"/>
  <testcase classname="Scenario: |\/support\/| Verification for general page\&apos;s elements\u200B" name="Scenario: |\/support\/| Verification for general page\&apos;s elements\u200B" time="40.626"/>
  <testcase classname="PD.story" name="PD.story" time="40.627"/>
  <testcase classname="bla.tm.definitions.site.products_and_docs.PD_InventoryStatusAPIDefinition" name="Given open Inventory Status API page\u200B" time="4.732"/>
  <testcase classname="bla.tm.definitions.site.products_and_docs.PD_InventoryStatusAPIDefinition" name="Then check general page elements for Inventory Status API Page\u002C where DISQUS = true and LeftMenu = true" time="0.558"/>
  <testcase classname="Scenario: |\/products-and-docs\/apis\/inventory-status\/| Verification for general page\&apos;s elements" name="Scenario: |\/products-and-docs\/apis\/inventory-status\/| Verification for general page\&apos;s elements" time="0.654"/>
  <testcase classname="PD_InventoryStatusAPI.story" name="PD_InventoryStatusAPI.story" time="0.654"/>
  <testcase classname="bla.tm.definitions.site.support.Support_BrandingGuideDefinition" name="Given open Branding Guide page" time="3.425"/>
  <testcase classname="bla.tm.definitions.site.support.Support_BrandingGuideDefinition" name="Then check general page elements for Branding Guide Page\u002C where DISQUS = true and LeftMenu = true" time="0.694"/>
  <testcase classname="Scenario: |\/support\/branding-guide\/| Verification for general page\&apos;s elements" name="Scenario: |\/support\/branding-guide\/| Verification for general page\&apos;s elements" time="0.72"/>
  <testcase classname="Support_BrandingGuide.story" name="Support_BrandingGuide.story" time="0.722"/>
  <testcase classname="java.lang.Object" name="AfterStories" time="0.001"/>
</testsuite>